Search path: /home/altius/vkyangularjsprojects/crmfrontend/src/app
Config file name: /home/altius/vkyangularjsprojects/crmfrontend/tsconfig.json
Angular Language Service: 8.2.7
TypeScript: 3.5.3
getTemplateReferences: 549ms
Add recursive watcher for: /home/altius/vkyangularjsprojects/crmfrontend
Opened configuration file /home/altius/vkyangularjsprojects/crmfrontend/tsconfig.json
getCompletions: 8ms
getDiagnostics: 13ms
getDiagnostics: 67ms
updating project structure from ...
updated: ng - 37ms
getHoverAt: 1ms
getCompletions: 9ms
getDiagnostics: 60ms
updating project structure from ...
updated: ng - 0ms
getHoverAt: 0ms
getHoverAt: 0ms
getCompletions: 0ms
getDiagnostics: 37ms
updating project structure from ...
updated: ng - 47ms
getDiagnostics: 70ms
updating project structure from ...
updated: ng - 0ms
getDiagnostics: 37ms
getHoverAt: 0ms
updating project structure from ...
updated: ng - 43ms
getDiagnostics: 64ms
updating project structure from ...
updated: ng - 0ms
getCompletions: 12ms
getDiagnostics: 42ms
updating project structure from ...
updated: ng - 20ms
getCompletions: 17ms
getDiagnostics: 53ms
updating project structure from ...
updated: ng - 0ms
getDiagnostics: 42ms
getCompletions: 9ms
getDiagnostics: 34ms
getDiagnostics: 25ms
updating project structure from ...
updated: ng - 25ms
getCompletions: 18ms
getDiagnostics: 66ms
getDiagnostics: 37ms
updating project structure from ...
updated: ng - 42ms
getCompletions: 13ms
getDiagnostics: 45ms
updating project structure from ...
updated: ng - 0ms
getHoverAt: 1ms
getHoverAt: 0ms
getDiagnostics: 24ms
updating project structure from ...
updated: ng - 19ms
getDiagnostics: 74ms
updating project structure from ...
updated: ng - 0ms
getCompletions: 8ms
getDiagnostics: 13ms
updating project structure from ...
updated: ng - 41ms
getDiagnostics: 59ms
getCompletions: 7ms
getDiagnostics: 10ms
getDiagnostics: 35ms
updating project structure from ...
updated: ng - 12ms
getDiagnostics: 51ms
getDiagnostics: 34ms
getDiagnostics: 19ms
updating project structure from ...
updated: ng - 35ms
getDiagnostics: 43ms
getCompletions: 5ms
getDiagnostics: 37ms
getDiagnostics: 25ms
getDiagnostics: 33ms
getCompletions: 14ms
getDiagnostics: 24ms
getDiagnostics: 9ms
getDiagnostics: 31ms
updating project structure from ...
updated: ng - 18ms
getCompletions: 10ms
getDiagnostics: 65ms
updating project structure from ...
updated: ng - 0ms
getDiagnostics: 22ms
updating project structure from ...
updated: ng - 16ms
getDiagnostics: 54ms
getCompletions: 5ms
getDiagnostics: 10ms
getDiagnostics: 15ms
getCompletions: 6ms
getDiagnostics: 33ms
getDiagnostics: 22ms
getDiagnostics: 34ms
updating project structure from ...
updated: ng - 42ms
getCompletions: 5ms
getDiagnostics: 57ms
getCompletions: 11ms
getDiagnostics: 15ms
getDiagnostics: 2ms
getDiagnostics: 27ms
getDiagnostics: 17ms
updating project structure from ...
updated: ng - 39ms
getCompletions: 6ms
getDiagnostics: 60ms
getCompletions: 5ms
getDiagnostics: 38ms
updating project structure from ...
updated: ng - 38ms
getDiagnostics: 51ms
getCompletions: 11ms
getDiagnostics: 21ms
getDiagnostics: 29ms
getCompletions: 13ms
getDiagnostics: 15ms
updating project structure from ...
updated: ng - 24ms
getCompletions: 10ms
getDiagnostics: 56ms
getDiagnostics: 37ms
getDiagnostics: 2ms
getHoverAt: 1ms
Search path: /home/altius/vkyangularjsprojects/crmfrontend/src/app
Config file name: /home/altius/vkyangularjsprojects/crmfrontend/tsconfig.json
getTemplateReferences: 0ms
getDiagnostics: 83ms
getDiagnostics: 75ms
updating project structure from ...
getTemplateReferences: 0ms
updated: ng - 0ms
getCompletions: 33ms
getDiagnostics: 49ms
getDiagnostics: 53ms
getCompletions: 28ms
getDiagnostics: 44ms
getCompletions: 18ms
getDiagnostics: 64ms
getDiagnostics: 31ms
getDiagnostics: 56ms
getDiagnostics: 61ms
getDiagnostics: 60ms
updating project structure from ...
getTemplateReferences: 1ms
updated: ng - 0ms
getCompletions: 43ms
getDiagnostics: 8ms
getDiagnostics: 58ms
getCompletions: 35ms
getDiagnostics: 55ms
updating project structure from ...
getTemplateReferences: 0ms
updated: ng - 0ms
getDiagnostics: 54ms
getDiagnostics: 36ms
getHoverAt: 1ms
getHoverAt: 0ms
getHoverAt: 0ms
getDiagnostics: 31ms
getDiagnostics: 0ms
getHoverAt: 0ms
Search path: /home/altius/vkyangularjsprojects/crmfrontend/src/app/component/sidebar
Config file name: /home/altius/vkyangularjsprojects/crmfrontend/tsconfig.json
getTemplateReferences: 0ms
getDiagnostics: 64ms
getCompletions: 62ms
getCompletions: 30ms
getDiagnostics: 33ms
getDiagnostics: 35ms
getDiagnostics: 33ms
updating project structure from ...
getTemplateReferences: 0ms
getTemplateReferences: 0ms
updated: ng - 0ms
getDiagnostics: 42ms
getDiagnostics: 35ms
updating project structure from ...
getTemplateReferences: 0ms
getTemplateReferences: 0ms
updated: ng - 0ms
getDiagnostics: 44ms
getDiagnostics: 65ms
updating project structure from ...
getTemplateReferences: 0ms
getTemplateReferences: 0ms
updated: ng - 0ms
getDiagnostics: 156ms
updating project structure from ...
getTemplateReferences: 0ms
getTemplateReferences: 0ms
updated: ng - 0ms
getDiagnostics: 119ms
getHoverAt: 65ms
getHoverAt: 25ms
Search path: /home/altius/vkyangularjsprojects/crmfrontend/src
Config file name: /home/altius/vkyangularjsprojects/crmfrontend/tsconfig.json
getTemplateReferences: 0ms
Angular Language Service: 8.2.7
TypeScript: 3.5.3
getTemplateReferences: 107ms
getDiagnostics: 1ms
getHoverAt: 1ms
getDiagnostics: 7ms
updating project structure from ...
getTemplateReferences: 0ms
getTemplateReferences: 0ms
getTemplateReferences: 0ms
updated: ng - 7ms
getDiagnostics: 9ms
updating project structure from ...
getTemplateReferences: 0ms
getTemplateReferences: 0ms
getTemplateReferences: 0ms
updated: ng - 0ms
getDiagnostics: 5ms
getHoverAt: 1ms
getDiagnostics: 17ms
updating project structure from ...
getTemplateReferences: 0ms
getTemplateReferences: 0ms
getTemplateReferences: 0ms
updated: ng - 28ms
getHoverAt: 1ms
getDiagnostics: 67ms
getDiagnostics: 2ms
getHoverAt: 94ms
getDiagnostics: 14ms
getCompletions: 6ms
getDiagnostics: 7ms
getDiagnostics: 8ms
getDiagnostics: 14ms
updating project structure from ...
getTemplateReferences: 0ms
getTemplateReferences: 0ms
getTemplateReferences: 0ms
updated: ng - 12ms
getDiagnostics: 13ms
getDiagnostics: 6ms
updating project structure from ...
getTemplateReferences: 0ms
getTemplateReferences: 0ms
getTemplateReferences: 0ms
updated: ng - 3ms
getHoverAt: 0ms
getHoverAt: 0ms
getCompletions: 4ms
getDiagnostics: 13ms
getDiagnostics: 18ms
updating project structure from ...
getTemplateReferences: 0ms
getTemplateReferences: 0ms
getTemplateReferences: 1ms
updated: ng - 4ms
getCompletions: 7ms
getCompletions: 6ms
getDiagnostics: 22ms
updating project structure from ...
getTemplateReferences: 0ms
getTemplateReferences: 0ms
getTemplateReferences: 0ms
updated: ng - 0ms
getCompletions: 8ms
getDiagnostics: 0ms
updating project structure from ...
getTemplateReferences: 0ms
getTemplateReferences: 0ms
getTemplateReferences: 0ms
updated: ng - 4ms
getDiagnostics: 12ms
getCompletions: 2ms
getDiagnostics: 1ms
updating project structure from ...
getTemplateReferences: 0ms
getTemplateReferences: 0ms
getTemplateReferences: 0ms
updated: ng - 4ms
getCompletions: 3ms
getDiagnostics: 14ms
updating project structure from ...
getTemplateReferences: 0ms
getTemplateReferences: 0ms
getTemplateReferences: 0ms
updated: ng - 0ms
getDiagnostics: 7ms
updating project structure from ...
getTemplateReferences: 0ms
getTemplateReferences: 0ms
getTemplateReferences: 0ms
updated: ng - 4ms
getDiagnostics: 9ms
getDiagnostics: 6ms
updating project structure from ...
getTemplateReferences: 0ms
getTemplateReferences: 0ms
getTemplateReferences: 0ms
updated: ng - 7ms
getDiagnostics: 12ms
updating project structure from ...
getTemplateReferences: 0ms
getTemplateReferences: 0ms
getTemplateReferences: 0ms
updated: ng - 0ms
getDiagnostics: 6ms
getHoverAt: 0ms
getDiagnostics: 7ms
updating project structure from ...
getTemplateReferences: 0ms
getTemplateReferences: 0ms
getTemplateReferences: 0ms
updated: ng - 4ms
getDiagnostics: 11ms
getDiagnostics: 28ms
getDiagnostics: 6ms
getHoverAt: 0ms
getHoverAt: 0ms
getHoverAt: 1ms
getCompletions: 13ms
getCompletions: 10ms
getDiagnostics: 1ms
getDiagnostics: 11ms
getCompletions: 6ms
getDiagnostics: 1ms
updating project structure from ...
getTemplateReferences: 0ms
getTemplateReferences: 0ms
getTemplateReferences: 0ms
updated: ng - 12ms
getDiagnostics: 33ms
updating project structure from ...
getTemplateReferences: 0ms
getTemplateReferences: 0ms
getTemplateReferences: 0ms
updated: ng - 0ms
getDiagnostics: 12ms
updating project structure from ...
getTemplateReferences: 0ms
getTemplateReferences: 0ms
getTemplateReferences: 0ms
updated: ng - 3ms
getCompletions: 7ms
getDiagnostics: 26ms
getDiagnostics: 9ms
getDiagnostics: 17ms
getDiagnostics: 17ms
getHoverAt: 1ms
updating project structure from ...
getTemplateReferences: 0ms
getTemplateReferences: 0ms
getTemplateReferences: 0ms
updated: ng - 11ms
getDiagnostics: 27ms
getHoverAt: 1ms
updating project structure from ...
getTemplateReferences: 0ms
getTemplateReferences: 0ms
getTemplateReferences: 0ms
updated: ng - 0ms
getHoverAt: 0ms
getHoverAt: 0ms
getDiagnostics: 9ms
getDiagnostics: 9ms
getCompletions: 5ms
getDiagnostics: 1ms
updating project structure from ...
getTemplateReferences: 0ms
getTemplateReferences: 0ms
getTemplateReferences: 0ms
updated: ng - 10ms
getCompletions: 6ms
getDiagnostics: 15ms
updating project structure from ...
getTemplateReferences: 1ms
getTemplateReferences: 0ms
getTemplateReferences: 0ms
updated: ng - 0ms
getDiagnostics: 9ms
getDiagnostics: 8ms
getDiagnostics: 18ms
getCompletions: 5ms
getDiagnostics: 1ms
updating project structure from ...
getTemplateReferences: 1ms
getTemplateReferences: 0ms
getTemplateReferences: 0ms
updated: ng - 11ms
getDiagnostics: 25ms
getDiagnostics: 14ms
updating project structure from ...
getTemplateReferences: 0ms
getTemplateReferences: 0ms
getTemplateReferences: 0ms
updated: ng - 12ms
getCompletions: 3ms
getDiagnostics: 13ms
updating project structure from ...
getTemplateReferences: 0ms
getTemplateReferences: 0ms
getTemplateReferences: 0ms
updated: ng - 0ms
getDiagnostics: 16ms
getDiagnostics: 12ms
updating project structure from ...
getTemplateReferences: 0ms
getTemplateReferences: 0ms
getTemplateReferences: 0ms
updated: ng - 7ms
getHoverAt: 0ms
getHoverAt: 0ms
getDiagnostics: 11ms
updating project structure from ...
getTemplateReferences: 0ms
getTemplateReferences: 0ms
getTemplateReferences: 0ms
updated: ng - 0ms
getDiagnostics: 14ms
updating project structure from ...
getTemplateReferences: 0ms
getTemplateReferences: 0ms
getTemplateReferences: 0ms
updated: ng - 16ms
getDiagnostics: 28ms
updating project structure from ...
getTemplateReferences: 0ms
getTemplateReferences: 0ms
getTemplateReferences: 0ms
updated: ng - 0ms
getHoverAt: 1ms
getHoverAt: 0ms
getHoverAt: 0ms
getDiagnostics: 8ms
updating project structure from ...
getTemplateReferences: 0ms
getTemplateReferences: 0ms
getTemplateReferences: 0ms
updated: ng - 5ms
getHoverAt: 1ms
getHoverAt: 1ms
getDefinitionAt: 0ms
getDiagnostics: 13ms
getHoverAt: 1ms
getHoverAt: 1ms
updating project structure from ...
getTemplateReferences: 0ms
getTemplateReferences: 0ms
getTemplateReferences: 0ms
updated: ng - 0ms
getHoverAt: 0ms
getDefinitionAt: 1ms
getDiagnostics: 13ms
getHoverAt: 1ms
updating project structure from ...
getTemplateReferences: 0ms
getTemplateReferences: 0ms
getTemplateReferences: 1ms
updated: ng - 14ms
getDefinitionAt: 0ms
getHoverAt: 20ms
getDiagnostics: 11ms
getHoverAt: 0ms
getDefinitionAt: 0ms
updating project structure from ...
getTemplateReferences: 0ms
getTemplateReferences: 0ms
getTemplateReferences: 0ms
updated: ng - 0ms
getDiagnostics: 4ms
getHoverAt: 0ms
updating project structure from ...
getTemplateReferences: 0ms
getTemplateReferences: 0ms
getTemplateReferences: 0ms
updated: ng - 5ms
getDefinitionAt: 0ms
getDiagnostics: 16ms
getHoverAt: 0ms
updating project structure from ...
getTemplateReferences: 0ms
getTemplateReferences: 0ms
getTemplateReferences: 0ms
updated: ng - 0ms
getDefinitionAt: 1ms
getDiagnostics: 13ms
getHoverAt: 2ms
getDefinitionAt: 0ms
updating project structure from ...
getTemplateReferences: 0ms
getTemplateReferences: 0ms
getTemplateReferences: 0ms
updated: ng - 7ms
getDiagnostics: 12ms
updating project structure from ...
getTemplateReferences: 0ms
getTemplateReferences: 0ms
getTemplateReferences: 0ms
updated: ng - 0ms
getHoverAt: 1ms
getHoverAt: 0ms
getHoverAt: 0ms
getDefinitionAt: 1ms
getDiagnostics: 10ms
getHoverAt: 1ms
getHoverAt: 0ms
getHoverAt: 1ms
updating project structure from ...
getTemplateReferences: 0ms
getTemplateReferences: 0ms
getTemplateReferences: 0ms
updated: ng - 7ms
getDefinitionAt: 0ms
getHoverAt: 11ms
getDiagnostics: 13ms
getHoverAt: 0ms
getHoverAt: 1ms
updating project structure from ...
getTemplateReferences: 0ms
getTemplateReferences: 0ms
getTemplateReferences: 0ms
updated: ng - 0ms
getDefinitionAt: 0ms
getHoverAt: 11ms
getDiagnostics: 1ms
getHoverAt: 1ms
getDefinitionAt: 0ms
updating project structure from ...
getTemplateReferences: 0ms
getTemplateReferences: 0ms
getTemplateReferences: 0ms
updated: ng - 10ms
getDiagnostics: 27ms
getHoverAt: 0ms
getHoverAt: 0ms
getDefinitionAt: 1ms
updating project structure from ...
getTemplateReferences: 0ms
getTemplateReferences: 0ms
getTemplateReferences: 0ms
updated: ng - 0ms
getDiagnostics: 10ms
getHoverAt: 1ms
getHoverAt: 0ms
getDefinitionAt: 1ms
updating project structure from ...
getTemplateReferences: 0ms
getTemplateReferences: 0ms
getTemplateReferences: 0ms
updated: ng - 8ms
getDiagnostics: 34ms
getHoverAt: 0ms
getHoverAt: 1ms
updating project structure from ...
getTemplateReferences: 0ms
getTemplateReferences: 0ms
getTemplateReferences: 0ms
updated: ng - 0ms
getDefinitionAt: 1ms
getDiagnostics: 9ms
getHoverAt: 1ms
getDefinitionAt: 0ms
updating project structure from ...
getTemplateReferences: 0ms
getTemplateReferences: 0ms
getTemplateReferences: 0ms
updated: ng - 7ms
getDiagnostics: 12ms
updating project structure from ...
getTemplateReferences: 0ms
getTemplateReferences: 0ms
getTemplateReferences: 0ms
updated: ng - 0ms
getDiagnostics: 6ms
getHoverAt: 0ms
getDefinitionAt: 0ms
getDiagnostics: 9ms
getHoverAt: 1ms
updating project structure from ...
getTemplateReferences: 0ms
getTemplateReferences: 0ms
getTemplateReferences: 0ms
updated: ng - 9ms
getDefinitionAt: 1ms
getDiagnostics: 11ms
getHoverAt: 0ms
getHoverAt: 0ms
getDefinitionAt: 1ms
updating project structure from ...
getTemplateReferences: 0ms
getTemplateReferences: 0ms
getTemplateReferences: 0ms
updated: ng - 0ms
getDiagnostics: 9ms
getHoverAt: 0ms
updating project structure from ...
getTemplateReferences: 0ms
getTemplateReferences: 0ms
getTemplateReferences: 0ms
updated: ng - 10ms
getDefinitionAt: 0ms
getDiagnostics: 15ms
getDiagnostics: 9ms
getHoverAt: 1ms
getHoverAt: 0ms
getHoverAt: 0ms
getHoverAt: 0ms
getHoverAt: 1ms
getHoverAt: 0ms
getHoverAt: 0ms
getHoverAt: 1ms
getCompletions: 4ms
getCompletions: 5ms
getDiagnostics: 26ms
getDiagnostics: 14ms
updating project structure from ...
getTemplateReferences: 0ms
getTemplateReferences: 0ms
getTemplateReferences: 0ms
updated: ng - 8ms
getDiagnostics: 24ms
getDiagnostics: 11ms
getHoverAt: 1ms
getHoverAt: 0ms
getHoverAt: 1ms
getHoverAt: 3ms
getHoverAt: 1ms
getHoverAt: 0ms
getDiagnostics: 8ms
getHoverAt: 1ms
getHoverAt: 0ms
getHoverAt: 1ms
getHoverAt: 0ms
getDiagnostics: 5ms
getHoverAt: 1ms
getHoverAt: 0ms
getDiagnostics: 16ms
getHoverAt: 0ms
getHoverAt: 0ms
getHoverAt: 0ms
getHoverAt: 0ms
getHoverAt: 0ms
getDiagnostics: 11ms
getCompletions: 4ms
getCompletions: 5ms
getDiagnostics: 14ms
updating project structure from ...
getTemplateReferences: 0ms
getTemplateReferences: 0ms
getTemplateReferences: 0ms
updated: ng - 10ms
getCompletions: 6ms
getDiagnostics: 12ms
updating project structure from ...
getTemplateReferences: 0ms
getTemplateReferences: 0ms
getTemplateReferences: 0ms
updated: ng - 0ms
getDiagnostics: 8ms
updating project structure from ...
getTemplateReferences: 0ms
getTemplateReferences: 0ms
getTemplateReferences: 0ms
updated: ng - 10ms
getDiagnostics: 12ms
getCompletions: 5ms
getDiagnostics: 3ms
getDiagnostics: 19ms
getDiagnostics: 15ms
getDiagnostics: 17ms
getDiagnostics: 15ms
getCompletions: 4ms
getDiagnostics: 1ms
updating project structure from ...
getTemplateReferences: 0ms
getTemplateReferences: 0ms
getTemplateReferences: 0ms
updated: ng - 5ms
getCompletions: 5ms
getDiagnostics: 13ms
updating project structure from ...
getTemplateReferences: 0ms
getTemplateReferences: 0ms
getTemplateReferences: 0ms
updated: ng - 0ms
getCompletions: 5ms
getDiagnostics: 1ms
updating project structure from ...
getTemplateReferences: 0ms
getTemplateReferences: 0ms
getTemplateReferences: 1ms
updated: ng - 3ms
getDiagnostics: 19ms
updating project structure from ...
getTemplateReferences: 0ms
getTemplateReferences: 0ms
getTemplateReferences: 0ms
updated: ng - 0ms
getDiagnostics: 14ms
getHoverAt: 0ms
getHoverAt: 1ms
getDiagnostics: 12ms
getHoverAt: 1ms
getHoverAt: 0ms
getDiagnostics: 9ms
updating project structure from ...
getTemplateReferences: 0ms
getTemplateReferences: 0ms
getTemplateReferences: 0ms
updated: ng - 10ms
getHoverAt: 0ms
getHoverAt: 0ms
getDiagnostics: 33ms
updating project structure from ...
getTemplateReferences: 0ms
getTemplateReferences: 0ms
getTemplateReferences: 0ms
updated: ng - 0ms
getHoverAt: 1ms
getDiagnostics: 11ms
getHoverAt: 0ms
updating project structure from ...
getTemplateReferences: 0ms
getTemplateReferences: 0ms
getTemplateReferences: 0ms
updated: ng - 12ms
getHoverAt: 0ms
getDiagnostics: 28ms
updating project structure from ...
getTemplateReferences: 0ms
getTemplateReferences: 0ms
getTemplateReferences: 0ms
updated: ng - 0ms
getDiagnostics: 6ms
updating project structure from ...
getTemplateReferences: 0ms
getTemplateReferences: 0ms
getTemplateReferences: 0ms
updated: ng - 13ms
getDiagnostics: 27ms
updating project structure from ...
getTemplateReferences: 0ms
getTemplateReferences: 0ms
getTemplateReferences: 0ms
updated: ng - 0ms
getDiagnostics: 8ms
updating project structure from ...
getTemplateReferences: 0ms
getTemplateReferences: 0ms
getTemplateReferences: 0ms
updated: ng - 5ms
getDiagnostics: 36ms
updating project structure from ...
getTemplateReferences: 0ms
getTemplateReferences: 0ms
getTemplateReferences: 0ms
updated: ng - 0ms
getDiagnostics: 7ms
updating project structure from ...
getTemplateReferences: 0ms
getTemplateReferences: 0ms
getTemplateReferences: 0ms
updated: ng - 11ms
getDiagnostics: 17ms
getDiagnostics: 5ms
getHoverAt: 0ms
getHoverAt: 1ms
getDiagnostics: 19ms
getDiagnostics: 16ms
getDiagnostics: 13ms
updating project structure from ...
getTemplateReferences: 0ms
getTemplateReferences: 0ms
getTemplateReferences: 0ms
updated: ng - 5ms
getDiagnostics: 13ms
updating project structure from ...
getTemplateReferences: 0ms
getTemplateReferences: 0ms
getTemplateReferences: 0ms
updated: ng - 0ms
getDiagnostics: 9ms
updating project structure from ...
getTemplateReferences: 0ms
getTemplateReferences: 0ms
getTemplateReferences: 0ms
updated: ng - 7ms
getDiagnostics: 24ms
updating project structure from ...
getTemplateReferences: 0ms
getTemplateReferences: 0ms
getTemplateReferences: 0ms
updated: ng - 0ms
getDiagnostics: 14ms
updating project structure from ...
getTemplateReferences: 0ms
getTemplateReferences: 0ms
getTemplateReferences: 0ms
updated: ng - 3ms
getDiagnostics: 24ms
updating project structure from ...
getTemplateReferences: 0ms
getTemplateReferences: 0ms
getTemplateReferences: 0ms
updated: ng - 0ms
getDiagnostics: 24ms
updating project structure from ...
getTemplateReferences: 0ms
getTemplateReferences: 0ms
getTemplateReferences: 0ms
updated: ng - 2ms
getDiagnostics: 20ms
updating project structure from ...
getTemplateReferences: 0ms
getTemplateReferences: 0ms
getTemplateReferences: 0ms
updated: ng - 0ms
getDiagnostics: 10ms
updating project structure from ...
getTemplateReferences: 0ms
getTemplateReferences: 0ms
getTemplateReferences: 0ms
updated: ng - 4ms
getDiagnostics: 12ms
getHoverAt: 0ms
getHoverAt: 0ms
getDiagnostics: 14ms
getDiagnostics: 23ms
getHoverAt: 1ms
getHoverAt: 0ms
getHoverAt: 0ms
getHoverAt: 0ms
getHoverAt: 0ms
getHoverAt: 0ms
getHoverAt: 0ms
getHoverAt: 0ms
getHoverAt: 1ms
getHoverAt: 0ms
getHoverAt: 0ms
getHoverAt: 1ms
getHoverAt: 1ms
getHoverAt: 1ms
getHoverAt: 0ms
getHoverAt: 0ms
getHoverAt: 0ms
getHoverAt: 0ms
getHoverAt: 1ms
getHoverAt: 0ms
getHoverAt: 0ms
getHoverAt: 1ms
getHoverAt: 0ms
getHoverAt: 0ms
getHoverAt: 0ms
getHoverAt: 1ms
getHoverAt: 0ms
getHoverAt: 0ms
getHoverAt: 0ms
getHoverAt: 0ms
getHoverAt: 0ms
getHoverAt: 0ms
getHoverAt: 0ms
getHoverAt: 0ms
getHoverAt: 0ms
getHoverAt: 0ms
getHoverAt: 0ms
getHoverAt: 0ms
getHoverAt: 0ms
getHoverAt: 0ms
getHoverAt: 0ms
getHoverAt: 0ms
getHoverAt: 0ms
getHoverAt: 0ms
getHoverAt: 0ms
getDefinitionAt: 0ms
getHoverAt: 0ms
getDiagnostics: 17ms
getDiagnostics: 2ms
getDiagnostics: 6ms
getCompletions: 9ms
getDiagnostics: 11ms
getDiagnostics: 9ms
getDiagnostics: 6ms
getDiagnostics: 3ms
getDiagnostics: 11ms
getCompletions: 4ms
getDiagnostics: 12ms
getCompletions: 3ms
getDiagnostics: 1ms
getDiagnostics: 9ms
getDiagnostics: 11ms
getDiagnostics: 16ms
getDiagnostics: 9ms
updating project structure from ...
getTemplateReferences: 0ms
getTemplateReferences: 0ms
getTemplateReferences: 0ms
updated: ng - 11ms
getDiagnostics: 18ms
getDiagnostics: 11ms
updating project structure from ...
getTemplateReferences: 0ms
getTemplateReferences: 0ms
getTemplateReferences: 0ms
updated: ng - 15ms
getCompletions: 3ms
getDiagnostics: 27ms
updating project structure from ...
getTemplateReferences: 0ms
getTemplateReferences: 0ms
getTemplateReferences: 0ms
updated: ng - 0ms
getDiagnostics: 21ms
getDiagnostics: 12ms
getDiagnostics: 10ms
updating project structure from ...
getTemplateReferences: 0ms
getTemplateReferences: 0ms
getTemplateReferences: 0ms
updated: ng - 11ms
getCompletions: 3ms
getDiagnostics: 10ms
updating project structure from ...
getTemplateReferences: 0ms
getTemplateReferences: 0ms
getTemplateReferences: 0ms
updated: ng - 0ms
getCompletions: 6ms
getDiagnostics: 1ms
updating project structure from ...
getTemplateReferences: 0ms
getTemplateReferences: 0ms
getTemplateReferences: 0ms
updated: ng - 10ms
getDiagnostics: 10ms
updating project structure from ...
getTemplateReferences: 0ms
getTemplateReferences: 0ms
getTemplateReferences: 0ms
updated: ng - 0ms
getHoverAt: 0ms
getHoverAt: 0ms
getDiagnostics: 11ms
getDiagnostics: 4ms
getHoverAt: 0ms
getHoverAt: 85ms
getHoverAt: 77ms
getHoverAt: 64ms
getHoverAt: 65ms
getDiagnostics: 245ms
getDiagnostics: 179ms
getHoverAt: 83ms
getHoverAt: 103ms
Search path: /home/altius/vkyangularjsprojects/crmfrontend/src/app/component/sidebar
Config file name: /home/altius/vkyangularjsprojects/crmfrontend/tsconfig.json
getTemplateReferences: 0ms
getTemplateReferences: 0ms
getDiagnostics: 25ms
getHoverAt: 105ms
getDefinitionAt: 74ms
Search path: /home/altius/vkyangularjsprojects/crmfrontend/src/app
Config file name: /home/altius/vkyangularjsprojects/crmfrontend/tsconfig.json
getDiagnostics: 1ms
getDiagnostics: 47ms
updating project structure from ...
getTemplateReferences: 0ms
getTemplateReferences: 0ms
getTemplateReferences: 0ms
getTemplateReferences: 0ms
updated: ng - 8ms
getDiagnostics: 243ms
getDiagnostics: 181ms
getDiagnostics: 61ms
getCompletions: 46ms
getDiagnostics: 50ms
getDiagnostics: 55ms
getCompletions: 35ms
getCompletions: 26ms
getDiagnostics: 32ms
getDiagnostics: 32ms
getDiagnostics: 30ms
getDiagnostics: 28ms
updating project structure from ...
getTemplateReferences: 0ms
getTemplateReferences: 0ms
getTemplateReferences: 0ms
getTemplateReferences: 0ms
updated: ng - 0ms
getDiagnostics: 48ms
getCompletions: 30ms
getDiagnostics: 13ms
getDiagnostics: 49ms
getDiagnostics: 58ms
getCompletions: 32ms
getDiagnostics: 11ms
getDiagnostics: 52ms
getCompletions: 27ms
getDiagnostics: 60ms
updating project structure from ...
getTemplateReferences: 0ms
getTemplateReferences: 0ms
getTemplateReferences: 0ms
getTemplateReferences: 0ms
updated: ng - 0ms
getDiagnostics: 40ms
getDiagnostics: 40ms
getHoverAt: 0ms
getDiagnostics: 8ms
updating project structure from ...
getTemplateReferences: 0ms
getTemplateReferences: 0ms
getTemplateReferences: 0ms
getTemplateReferences: 0ms
updated: ng - 6ms
getHoverAt: 0ms
getHoverAt: 1ms
getDefinitionAt: 0ms
getHoverAt: 0ms
getDiagnostics: 6ms
getHoverAt: 0ms
getHoverAt: 0ms
getDiagnostics: 5ms
getCompletions: 4ms
getDiagnostics: 4ms
getDiagnostics: 6ms
updating project structure from ...
getTemplateReferences: 0ms
getTemplateReferences: 0ms
getTemplateReferences: 0ms
getTemplateReferences: 0ms
updated: ng - 6ms
getCompletions: 2ms
getDiagnostics: 8ms
updating project structure from ...
getTemplateReferences: 0ms
getTemplateReferences: 0ms
getTemplateReferences: 0ms
getTemplateReferences: 0ms
updated: ng - 0ms
getDiagnostics: 8ms
getCompletions: 10ms
getDiagnostics: 12ms
updating project structure from ...
getTemplateReferences: 0ms
getTemplateReferences: 0ms
getTemplateReferences: 0ms
getTemplateReferences: 1ms
updated: ng - 8ms
getDiagnostics: 18ms
updating project structure from ...
getTemplateReferences: 0ms
getTemplateReferences: 0ms
getTemplateReferences: 0ms
getTemplateReferences: 0ms
updated: ng - 0ms
getDiagnostics: 5ms
updating project structure from ...
getTemplateReferences: 0ms
getTemplateReferences: 0ms
getTemplateReferences: 0ms
getTemplateReferences: 0ms
updated: ng - 5ms
getDiagnostics: 16ms
getDiagnostics: 4ms
getCompletions: 4ms
getDiagnostics: 2ms
updating project structure from ...
getTemplateReferences: 0ms
getTemplateReferences: 0ms
getTemplateReferences: 0ms
getTemplateReferences: 0ms
updated: ng - 10ms
getDiagnostics: 19ms
updating project structure from ...
getTemplateReferences: 0ms
getTemplateReferences: 0ms
getTemplateReferences: 0ms
getTemplateReferences: 0ms
updated: ng - 0ms
getDiagnostics: 7ms
getDiagnostics: 4ms
getDiagnostics: 2ms
getHoverAt: 4ms
getDiagnostics: 6ms
getDiagnostics: 4ms
getHoverAt: 0ms
getHoverAt: 1ms
getHoverAt: 0ms
getHoverAt: 0ms
getDiagnostics: 5ms
getDiagnostics: 3ms
getDiagnostics: 6ms
getDiagnostics: 3ms
getHoverAt: 0ms
getHoverAt: 0ms
getHoverAt: 1ms
getHoverAt: 0ms
getCompletions: 2ms
getCompletions: 4ms
getDiagnostics: 13ms
getDiagnostics: 3ms
getHoverAt: 1ms
getHoverAt: 0ms
getHoverAt: 88ms
getHoverAt: 84ms
getCompletions: 141ms
getCompletions: 198ms
getDiagnostics: 141ms
updating project structure from ...
getTemplateReferences: 0ms
getTemplateReferences: 0ms
getTemplateReferences: 0ms
getTemplateReferences: 0ms
updated: ng - 12ms
getDiagnostics: 139ms
getDiagnostics: 119ms
getDiagnostics: 150ms
updating project structure from ...
getTemplateReferences: 0ms
getTemplateReferences: 0ms
getTemplateReferences: 0ms
getTemplateReferences: 0ms
updated: ng - 0ms
getCompletions: 114ms
getCompletions: 120ms
getDiagnostics: 143ms
updating project structure from ...
getTemplateReferences: 0ms
getTemplateReferences: 0ms
getTemplateReferences: 0ms
getTemplateReferences: 0ms
updated: ng - 0ms
getCompletions: 149ms
getCompletions: 168ms
getDiagnostics: 137ms
updating project structure from ...
getTemplateReferences: 0ms
getTemplateReferences: 0ms
getTemplateReferences: 0ms
getTemplateReferences: 0ms
updated: ng - 0ms
getCompletions: 105ms
getDiagnostics: 113ms
getDiagnostics: 136ms
updating project structure from ...
getTemplateReferences: 0ms
getTemplateReferences: 0ms
getTemplateReferences: 0ms
getTemplateReferences: 0ms
updated: ng - 0ms
getDiagnostics: 116ms
updating project structure from ...
getTemplateReferences: 0ms
getTemplateReferences: 0ms
getTemplateReferences: 0ms
getTemplateReferences: 0ms
updated: ng - 0ms
getDiagnostics: 144ms
getDiagnostics: 142ms
updating project structure from ...
getTemplateReferences: 0ms
getTemplateReferences: 0ms
getTemplateReferences: 0ms
getTemplateReferences: 0ms
updated: ng - 0ms
getDiagnostics: 161ms
getHoverAt: 64ms
getHoverAt: 80ms
getHoverAt: 76ms
getDiagnostics: 107ms
getDiagnostics: 125ms
updating project structure from ...
getTemplateReferences: 0ms
getTemplateReferences: 0ms
getTemplateReferences: 0ms
getTemplateReferences: 0ms
updated: ng - 0ms
getDiagnostics: 107ms
getCompletions: 117ms
getDiagnostics: 205ms
getCompletions: 111ms
getCompletions: 137ms
getDiagnostics: 141ms
getCompletions: 139ms
getCompletions: 144ms
getDiagnostics: 136ms
getCompletions: 117ms
getCompletions: 117ms
getDiagnostics: 142ms
getCompletions: 115ms
getDiagnostics: 115ms
getCompletions: 106ms
getDiagnostics: 116ms
updating project structure from ...
getTemplateReferences: 0ms
getTemplateReferences: 0ms
getTemplateReferences: 1ms
getTemplateReferences: 0ms
updated: ng - 0ms
getDiagnostics: 147ms
getCompletions: 100ms
getDiagnostics: 123ms
updating project structure from ...
getTemplateReferences: 0ms
getTemplateReferences: 0ms
getTemplateReferences: 0ms
getTemplateReferences: 0ms
updated: ng - 0ms
getDiagnostics: 128ms
getCompletions: 136ms
getDiagnostics: 140ms
getDiagnostics: 152ms
updating project structure from ...
getTemplateReferences: 0ms
getTemplateReferences: 0ms
getTemplateReferences: 0ms
getTemplateReferences: 0ms
updated: ng - 0ms
getDiagnostics: 105ms
updating project structure from ...
getTemplateReferences: 0ms
getTemplateReferences: 0ms
getTemplateReferences: 0ms
getTemplateReferences: 0ms
updated: ng - 0ms
getDiagnostics: 125ms
getHoverAt: 76ms
getHoverAt: 72ms
getHoverAt: 42ms
getDiagnostics: 127ms
getDiagnostics: 125ms
getDiagnostics: 138ms
getHoverAt: 71ms
getHoverAt: 76ms
getHoverAt: 73ms
getHoverAt: 132ms
getHoverAt: 118ms
getHoverAt: 92ms
getHoverAt: 83ms
getHoverAt: 87ms
getHoverAt: 65ms
getHoverAt: 79ms
getHoverAt: 85ms
getDiagnostics: 156ms
getDiagnostics: 102ms
getDiagnostics: 144ms
getDiagnostics: 133ms
updating project structure from ...
getTemplateReferences: 0ms
getTemplateReferences: 0ms
getTemplateReferences: 0ms
getTemplateReferences: 0ms
updated: ng - 0ms
getCompletions: 170ms
getCompletions: 138ms
getCompletions: 103ms
getDiagnostics: 123ms
getCompletions: 162ms
getDiagnostics: 133ms
updating project structure from ...
getTemplateReferences: 0ms
getTemplateReferences: 0ms
getTemplateReferences: 0ms
getTemplateReferences: 0ms
updated: ng - 0ms
getCompletions: 115ms
getDiagnostics: 146ms
getDiagnostics: 105ms
getCompletions: 110ms
getDiagnostics: 133ms
getDiagnostics: 160ms
getDiagnostics: 145ms
getDiagnostics: 129ms
getHoverAt: 152ms
getHoverAt: 116ms
getDiagnostics: 9ms
updating project structure from ...
getTemplateReferences: 0ms
getTemplateReferences: 1ms
getTemplateReferences: 0ms
getTemplateReferences: 0ms
updated: ng - 5ms
getDefinitionAt: 1ms
getHoverAt: 0ms
getDiagnostics: 25ms
getHoverAt: 1ms
updating project structure from ...
getTemplateReferences: 0ms
getTemplateReferences: 0ms
getTemplateReferences: 0ms
getTemplateReferences: 0ms
updated: ng - 0ms
getDefinitionAt: 0ms
getHoverAt: 7ms
getDiagnostics: 1ms
getHoverAt: 0ms
getHoverAt: 0ms
getHoverAt: 0ms
getHoverAt: 0ms
getDiagnostics: 8ms
updating project structure from ...
getTemplateReferences: 1ms
getTemplateReferences: 0ms
getTemplateReferences: 0ms
getTemplateReferences: 0ms
updated: ng - 10ms
getDiagnostics: 23ms
updating project structure from ...
getTemplateReferences: 0ms
getTemplateReferences: 0ms
getTemplateReferences: 0ms
getTemplateReferences: 0ms
updated: ng - 0ms
getHoverAt: 0ms
getDefinitionAt: 0ms
getDiagnostics: 10ms
getDiagnostics: 7ms
getDiagnostics: 13ms
getDiagnostics: 9ms
updating project structure from ...
getTemplateReferences: 0ms
getTemplateReferences: 0ms
getTemplateReferences: 0ms
getTemplateReferences: 0ms
updated: ng - 3ms
getHoverAt: 0ms
getHoverAt: 0ms
getHoverAt: 0ms
getHoverAt: 0ms
getDiagnostics: 21ms
getDiagnostics: 12ms
getDiagnostics: 4ms
getHoverAt: 1ms
getHoverAt: 0ms
getHoverAt: 1ms
getHoverAt: 0ms
getDiagnostics: 9ms
updating project structure from ...
getTemplateReferences: 0ms
getTemplateReferences: 0ms
getTemplateReferences: 0ms
getTemplateReferences: 0ms
updated: ng - 7ms
getDiagnostics: 11ms
getHoverAt: 0ms
updating project structure from ...
getTemplateReferences: 0ms
getTemplateReferences: 0ms
getTemplateReferences: 0ms
getTemplateReferences: 0ms
updated: ng - 0ms
getHoverAt: 0ms
getHoverAt: 0ms
getHoverAt: 0ms
getDiagnostics: 10ms
getDiagnostics: 12ms
getHoverAt: 1ms
getHoverAt: 0ms
updating project structure from ...
getTemplateReferences: 0ms
getTemplateReferences: 0ms
getTemplateReferences: 0ms
getTemplateReferences: 0ms
updated: ng - 11ms
getHoverAt: 0ms
getDefinitionAt: 0ms
getHoverAt: 0ms
getDiagnostics: 26ms
getDiagnostics: 10ms
getHoverAt: 0ms
updating project structure from ...
getTemplateReferences: 0ms
getTemplateReferences: 0ms
getTemplateReferences: 0ms
getTemplateReferences: 0ms
updated: ng - 5ms
getDefinitionAt: 0ms
getDiagnostics: 26ms
getDiagnostics: 6ms
getDiagnostics: 6ms
getHoverAt: 0ms
getHoverAt: 0ms
getHoverAt: 0ms
getHoverAt: 0ms
getDefinitionAt: 0ms
getDiagnostics: 13ms
getDiagnostics: 19ms
getHoverAt: 1ms
getHoverAt: 0ms
getHoverAt: 0ms
getDiagnostics: 7ms
getDiagnostics: 7ms
getHoverAt: 159ms
getHoverAt: 115ms
getHoverAt: 77ms
getDiagnostics: 233ms
updating project structure from ...
getTemplateReferences: 0ms
getTemplateReferences: 0ms
getTemplateReferences: 0ms
getTemplateReferences: 0ms
updated: ng - 2ms
getDiagnostics: 177ms
getHoverAt: 79ms
getHoverAt: 80ms
getHoverAt: 83ms
getHoverAt: 63ms
getDiagnostics: 193ms
getDiagnostics: 188ms
getHoverAt: 86ms
getHoverAt: 103ms
getHoverAt: 86ms
getHoverAt: 77ms
getHoverAt: 77ms
getHoverAt: 99ms
getHoverAt: 84ms
getHoverAt: 76ms
getHoverAt: 110ms
getHoverAt: 1ms
getHoverAt: 0ms
getDefinitionAt: 0ms
getDiagnostics: 22ms
getDiagnostics: 12ms
getHoverAt: 0ms
getDiagnostics: 11ms
getDiagnostics: 10ms
getHoverAt: 1ms
getDiagnostics: 11ms
updating project structure from ...
getTemplateReferences: 0ms
getTemplateReferences: 0ms
getTemplateReferences: 0ms
getTemplateReferences: 0ms
updated: ng - 10ms
getDiagnostics: 26ms
getDiagnostics: 52ms
getHoverAt: 133ms
getHoverAt: 0ms
getHoverAt: 1ms
getDiagnostics: 7ms
updating project structure from ...
getTemplateReferences: 0ms
getTemplateReferences: 0ms
getTemplateReferences: 0ms
getTemplateReferences: 1ms
updated: ng - 10ms
getDiagnostics: 238ms
updating project structure from ...
getTemplateReferences: 0ms
getTemplateReferences: 0ms
getTemplateReferences: 0ms
getTemplateReferences: 0ms
updated: ng - 0ms
getDiagnostics: 65ms
updating project structure from ...
getTemplateReferences: 0ms
getTemplateReferences: 0ms
getTemplateReferences: 0ms
getTemplateReferences: 0ms
updated: ng - 0ms
getDiagnostics: 70ms
updating project structure from ...
getTemplateReferences: 0ms
getTemplateReferences: 0ms
getTemplateReferences: 0ms
getTemplateReferences: 0ms
updated: ng - 0ms
getDiagnostics: 5ms
getHoverAt: 1ms
getDiagnostics: 1ms
getHoverAt: 0ms
remove project: /home/altius/vkyangularjsprojects/crmfrontend/src/index.html
getDiagnostics: 4ms
getHoverAt: 0ms
getHoverAt: 52ms
getHoverAt: 0ms
getDiagnostics: 18ms
updating project structure from ...
updated: ng - 42ms
getDiagnostics: 2ms
getHoverAt: 1ms
getHoverAt: 1ms
getDiagnostics: 34ms
getDiagnostics: 0ms
getHoverAt: 0ms
getHoverAt: 1ms
getHoverAt: 0ms
getDiagnostics: 44ms
getDiagnostics: 2ms
getDiagnostics: 38ms
getDiagnostics: 43ms
getDiagnostics: 1ms
getDiagnostics: 25ms
updating project structure from ...
updated: ng - 33ms
getDiagnostics: 48ms
getDiagnostics: 1ms
getDiagnostics: 26ms
getDiagnostics: 33ms
getDiagnostics: 2ms
getDiagnostics: 0ms
getHoverAt: 0ms
getHoverAt: 0ms
getHoverAt: 0ms
getDiagnostics: 23ms
getDiagnostics: 20ms
getHoverAt: 1ms
getHoverAt: 0ms
getHoverAt: 0ms
getHoverAt: 0ms
Search path: /home/altius/vkyangularjsprojects/crmfrontend/src/app/component/sidebar
Config file name: /home/altius/vkyangularjsprojects/crmfrontend/tsconfig.json
getTemplateReferences: 0ms
getDiagnostics: 50ms
getCompletions: 46ms
getCompletions: 33ms
getDiagnostics: 29ms
updating project structure from ...
getTemplateReferences: 0ms
updated: ng - 0ms
getCompletions: 32ms
getDiagnostics: 40ms
updating project structure from ...
getTemplateReferences: 0ms
updated: ng - 0ms
getCompletions: 32ms
getDiagnostics: 60ms
getDiagnostics: 65ms
updating project structure from ...
getTemplateReferences: 0ms
updated: ng - 0ms
getCompletions: 45ms
getDiagnostics: 16ms
updating project structure from ...
getTemplateReferences: 0ms
updated: ng - 0ms
getDiagnostics: 58ms
getDiagnostics: 58ms
updating project structure from ...
getTemplateReferences: 0ms
updated: ng - 0ms
getDiagnostics: 49ms
getDiagnostics: 56ms
updating project structure from ...
getTemplateReferences: 0ms
updated: ng - 0ms
getDiagnostics: 57ms
getDiagnostics: 166ms
getDiagnostics: 133ms
getHoverAt: 55ms
getHoverAt: 55ms
Search path: /home/altius/vkyangularjsprojects/crmfrontend/src
Config file name: /home/altius/vkyangularjsprojects/crmfrontend/tsconfig.json
getTemplateReferences: 0ms
Angular Language Service: 8.2.7
TypeScript: 3.5.3
getTemplateReferences: 165ms
getDiagnostics: 0ms
getHoverAt: 0ms
getHoverAt: 0ms
getHoverAt: 1ms
remove project: /home/altius/vkyangularjsprojects/crmfrontend/src/index.html
Search path: /home/altius/vkyangularjsprojects/crmfrontend/src/app
Config file name: /home/altius/vkyangularjsprojects/crmfrontend/tsconfig.json
getTemplateReferences: 0ms
getDiagnostics: 11ms
getHoverAt: 12ms
getDiagnostics: 62ms
updating project structure from ...
getTemplateReferences: 0ms
getTemplateReferences: 0ms
updated: ng - 0ms
getHoverAt: 7ms
getDiagnostics: 53ms
updating project structure from ...
getTemplateReferences: 0ms
getTemplateReferences: 0ms
updated: ng - 0ms
getDiagnostics: 38ms
getDiagnostics: 54ms
Search path: /home/altius/vkyangularjsprojects/crmfrontend/src
Config file name: /home/altius/vkyangularjsprojects/crmfrontend/tsconfig.json
getHoverAt: 1ms
getDiagnostics: 1ms
getHoverAt: 0ms
getHoverAt: 36ms
getDiagnostics: 111ms
getCompletions: 91ms
getDiagnostics: 55ms
getDiagnostics: 105ms
getDiagnostics: 109ms
getDiagnostics: 75ms
updating project structure from ...
getTemplateReferences: 0ms
getTemplateReferences: 0ms
updated: ng - 0ms
getDiagnostics: 126ms
getCompletions: 65ms
getDiagnostics: 85ms
getDiagnostics: 61ms
getDiagnostics: 90ms
getDiagnostics: 93ms
getDiagnostics: 84ms
updating project structure from ...
getTemplateReferences: 0ms
getTemplateReferences: 0ms
updated: ng - 1ms
getCompletions: 77ms
getCompletions: 86ms
getDiagnostics: 67ms
getDiagnostics: 85ms
getDiagnostics: 111ms
getDiagnostics: 84ms
getHoverAt: 46ms
getHoverAt: 79ms
Search path: /home/altius/vkyangularjsprojects/crmfrontend/src/app/component/sidebar
Config file name: /home/altius/vkyangularjsprojects/crmfrontend/tsconfig.json
getDiagnostics: 1ms
Search path: /home/altius/vkyangularjsprojects/crmfrontend/src/app
Config file name: /home/altius/vkyangularjsprojects/crmfrontend/tsconfig.json
getDiagnostics: 1ms
getDiagnostics: 38ms
updating project structure from ...
getTemplateReferences: 0ms
getTemplateReferences: 0ms
updated: ng - 32ms
getDiagnostics: 60ms
getDiagnostics: 32ms
updating project structure from ...
getTemplateReferences: 0ms
getTemplateReferences: 0ms
updated: ng - 21ms
getDiagnostics: 44ms
getDiagnostics: 24ms
getDiagnostics: 1ms
