[2019-09-22 12:28:40.864] [renderer1] [warning] UNRESPONSIVE extension host, 'onixie.angular-component-extension' took 56% of 2003.455ms, saved PROFILE here: '/tmp/exthost-567d39.cpuprofile' [{"id":"christian-kohler.path-intellisense","total":161,"percentage":0},{"id":"eamodio.gitlens","total":3273,"percentage":0},{"id":"EditorConfig.EditorConfig","total":191,"percentage":0},{"id":"esbenp.prettier-vscode","total":136,"percentage":0},{"id":"gc","total":95,"percentage":0},{"id":"infinity1207.angular2-switcher","total":156,"percentage":0},{"id":"johnpapa.vscode-peacock","total":1580,"percentage":0},{"id":"kisstkondoros.vscode-codemetrics","total":2720,"percentage":0},{"id":"onixie.angular-component-extension","total":1120112,"percentage":56},{"id":"PKief.material-icon-theme","total":2197,"percentage":0},{"id":"program","total":622,"percentage":0},{"id":"self","total":33947,"percentage":2},{"id":"shardulm94.trailing-spaces","total":472,"percentage":0},{"id":"streetsidesoftware.code-spell-checker","total":1109,"percentage":0},{"id":"vscode.configuration-editing","total":475,"percentage":0},{"id":"vscode.git","total":157,"percentage":0},{"id":"vscode.json-language-features","total":813364,"percentage":41},{"id":"vscode.merge-conflict","total":1272,"percentage":0},{"id":"vscode.typescript-language-features","total":3014,"percentage":0},{"id":"wayou.vscode-todo-highlight","total":162,"percentage":0},{"id":"Zignd.html-css-class-completion","total":158,"percentage":0}]
[2019-09-22 12:30:48.914] [renderer1] [error] Error: Error: ENOENT: no such file or directory, stat '/home/altius/vkyangularjsprojects/crmfrontend/.vscode'
[2019-09-22 12:30:55.961] [renderer1] [warning] UNRESPONSIVE extension host, 'vscode.git' took 50% of 9191.399ms, saved PROFILE here: '/tmp/exthost-23684b.cpuprofile' [{"id":"alexiv.vscode-angular2-files","total":621,"percentage":0},{"id":"AngularDoc.angulardoc-vscode","total":1897755,"percentage":21},{"id":"christian-kohler.path-intellisense","total":311,"percentage":0},{"id":"cyrilletuzi.angular-schematics","total":122130,"percentage":1},{"id":"eamodio.gitlens","total":776,"percentage":0},{"id":"EditorConfig.EditorConfig","total":467,"percentage":0},{"id":"eg2.vscode-npm-script","total":470,"percentage":0},{"id":"esbenp.prettier-vscode","total":16293,"percentage":0},{"id":"gc","total":10910,"percentage":0},{"id":"infinity1207.angular2-switcher","total":312,"percentage":0},{"id":"joelday.docthis","total":155,"percentage":0},{"id":"johnpapa.vscode-peacock","total":467,"percentage":0},{"id":"kisstkondoros.vscode-codemetrics","total":1990605,"percentage":22},{"id":"lonefy.vscode-JS-CSS-HTML-formatter","total":18927,"percentage":0},{"id":"michelemelluso.gitignore","total":161,"percentage":0},{"id":"nrwl.angular-console","total":50678,"percentage":1},{"id":"program","total":868,"percentage":0},{"id":"self","total":385902,"percentage":4},{"id":"shardulm94.trailing-spaces","total":630,"percentage":0},{"id":"streetsidesoftware.code-spell-checker","total":158,"percentage":0},{"id":"vscode.configuration-editing","total":936,"percentage":0},{"id":"vscode.debug-auto-launch","total":343,"percentage":0},{"id":"vscode.emmet","total":1680,"percentage":0},{"id":"vscode.extension-editing","total":24576,"percentage":0},{"id":"vscode.git","total":4627685,"percentage":50},{"id":"vscode.json-language-features","total":5295,"percentage":0},{"id":"vscode.merge-conflict","total":1562,"percentage":0},{"id":"vscode.npm","total":13716,"percentage":0},{"id":"wayou.vscode-todo-highlight","total":941,"percentage":0},{"id":"Zignd.html-css-class-completion","total":1565,"percentage":0}]
[2019-09-22 12:30:56.784] [renderer1] [error] Unable to write to Workspace Settings because angulardoc.repoId is not a registered configuration.: Error: Unable to write to Workspace Settings because angulardoc.repoId is not a registered configuration.
    at T.reject (file:///usr/share/code/resources/app/out/vs/workbench/workbench.main.js:4214:24)
    at T.resolveAndValidate (file:///usr/share/code/resources/app/out/vs/workbench/workbench.main.js:4216:374)
    at T.doWriteConfiguration (file:///usr/share/code/resources/app/out/vs/workbench/workbench.main.js:4211:347)
    at Object.Promise.resolve.queue.queue [as factory] (file:///usr/share/code/resources/app/out/vs/workbench/workbench.main.js:4211:140)
    at v.consume (file:///usr/share/code/resources/app/out/vs/workbench/workbench.main.js:102:367)
    at Promise (file:///usr/share/code/resources/app/out/vs/workbench/workbench.main.js:102:182)
    at new Promise (<anonymous>)
    at v.queue (file:///usr/share/code/resources/app/out/vs/workbench/workbench.main.js:102:106)
    at T.writeConfiguration (file:///usr/share/code/resources/app/out/vs/workbench/workbench.main.js:4211:125)
    at writeConfigurationValue (file:///usr/share/code/resources/app/out/vs/workbench/workbench.main.js:4236:658)
    at cyclicDependency.then (file:///usr/share/code/resources/app/out/vs/workbench/workbench.main.js:4226:108)
    at process._tickCallback (internal/process/next_tick.js:68:7)
[2019-09-22 12:30:56.785] [renderer1] [error] Unable to write to Workspace Settings because angulardoc.lastSync is not a registered configuration.: Error: Unable to write to Workspace Settings because angulardoc.lastSync is not a registered configuration.
    at T.reject (file:///usr/share/code/resources/app/out/vs/workbench/workbench.main.js:4214:24)
    at T.resolveAndValidate (file:///usr/share/code/resources/app/out/vs/workbench/workbench.main.js:4216:374)
    at T.doWriteConfiguration (file:///usr/share/code/resources/app/out/vs/workbench/workbench.main.js:4211:347)
    at Object.Promise.resolve.queue.queue [as factory] (file:///usr/share/code/resources/app/out/vs/workbench/workbench.main.js:4211:140)
    at v.consume (file:///usr/share/code/resources/app/out/vs/workbench/workbench.main.js:102:367)
    at v.consumed (file:///usr/share/code/resources/app/out/vs/workbench/workbench.main.js:102:528)
    at t.then (file:///usr/share/code/resources/app/out/vs/workbench/workbench.main.js:102:429)
    at process._tickCallback (internal/process/next_tick.js:68:7)
[2019-09-22 12:32:41.885] [renderer1] [warning] UNRESPONSIVE extension host, 'NG-42.ng-fortytwo-vscode-extension' took 91% of 6107.169ms, saved PROFILE here: '/tmp/exthost-444768.cpuprofile' [{"id":"gc","total":23752,"percentage":0},{"id":"NG-42.ng-fortytwo-vscode-extension","total":5564275,"percentage":91},{"id":"onixie.angular-component-extension","total":506524,"percentage":8},{"id":"self","total":2237,"percentage":0}]
[2019-09-22 12:43:32.336] [renderer1] [error] Error: [File Watcher (chokidar)] Inotify limit reached (ENOSPC)
[2019-09-22 13:18:27.682] [renderer1] [error] cannot open file:///home/altius/vkyangularjsprojects/crmfrontend/src/index.ts. Detail: Unable to read file (Error: File not found (/home/altius/vkyangularjsprojects/crmfrontend/src/index.ts)): Error: cannot open file:///home/altius/vkyangularjsprojects/crmfrontend/src/index.ts. Detail: Unable to read file (Error: File not found (/home/altius/vkyangularjsprojects/crmfrontend/src/index.ts))
    at n.then.e (file:///usr/share/code/resources/app/out/vs/workbench/workbench.main.js:4408:258)
[2019-09-22 13:18:31.029] [renderer1] [error] cannot open file:///home/altius/vkyangularjsprojects/crmfrontend/src/index.ts. Detail: Unable to read file (Error: File not found (/home/altius/vkyangularjsprojects/crmfrontend/src/index.ts)): Error: cannot open file:///home/altius/vkyangularjsprojects/crmfrontend/src/index.ts. Detail: Unable to read file (Error: File not found (/home/altius/vkyangularjsprojects/crmfrontend/src/index.ts))
    at n.then.e (file:///usr/share/code/resources/app/out/vs/workbench/workbench.main.js:4408:258)
[2019-09-22 13:18:33.018] [renderer1] [error] cannot open file:///home/altius/vkyangularjsprojects/crmfrontend/src/index.ts. Detail: Unable to read file (Error: File not found (/home/altius/vkyangularjsprojects/crmfrontend/src/index.ts)): Error: cannot open file:///home/altius/vkyangularjsprojects/crmfrontend/src/index.ts. Detail: Unable to read file (Error: File not found (/home/altius/vkyangularjsprojects/crmfrontend/src/index.ts))
    at n.then.e (file:///usr/share/code/resources/app/out/vs/workbench/workbench.main.js:4408:258)
[2019-09-22 13:18:34.876] [renderer1] [error] cannot open file:///home/altius/vkyangularjsprojects/crmfrontend/src/index.ts. Detail: Unable to read file (Error: File not found (/home/altius/vkyangularjsprojects/crmfrontend/src/index.ts)): Error: cannot open file:///home/altius/vkyangularjsprojects/crmfrontend/src/index.ts. Detail: Unable to read file (Error: File not found (/home/altius/vkyangularjsprojects/crmfrontend/src/index.ts))
    at n.then.e (file:///usr/share/code/resources/app/out/vs/workbench/workbench.main.js:4408:258)
[2019-09-22 13:18:37.092] [renderer1] [error] cannot open file:///home/altius/vkyangularjsprojects/crmfrontend/src/index.ts. Detail: Unable to read file (Error: File not found (/home/altius/vkyangularjsprojects/crmfrontend/src/index.ts)): Error: cannot open file:///home/altius/vkyangularjsprojects/crmfrontend/src/index.ts. Detail: Unable to read file (Error: File not found (/home/altius/vkyangularjsprojects/crmfrontend/src/index.ts))
    at n.then.e (file:///usr/share/code/resources/app/out/vs/workbench/workbench.main.js:4408:258)
[2019-09-22 13:18:39.313] [renderer1] [error] cannot open file:///home/altius/vkyangularjsprojects/crmfrontend/src/index.ts. Detail: Unable to read file (Error: File not found (/home/altius/vkyangularjsprojects/crmfrontend/src/index.ts)): Error: cannot open file:///home/altius/vkyangularjsprojects/crmfrontend/src/index.ts. Detail: Unable to read file (Error: File not found (/home/altius/vkyangularjsprojects/crmfrontend/src/index.ts))
    at n.then.e (file:///usr/share/code/resources/app/out/vs/workbench/workbench.main.js:4408:258)
[2019-09-22 13:18:41.075] [renderer1] [error] cannot open file:///home/altius/vkyangularjsprojects/crmfrontend/src/index.ts. Detail: Unable to read file (Error: File not found (/home/altius/vkyangularjsprojects/crmfrontend/src/index.ts)): Error: cannot open file:///home/altius/vkyangularjsprojects/crmfrontend/src/index.ts. Detail: Unable to read file (Error: File not found (/home/altius/vkyangularjsprojects/crmfrontend/src/index.ts))
    at n.then.e (file:///usr/share/code/resources/app/out/vs/workbench/workbench.main.js:4408:258)
[2019-09-22 13:18:44.560] [renderer1] [error] cannot open file:///home/altius/vkyangularjsprojects/crmfrontend/src/index.ts. Detail: Unable to read file (Error: File not found (/home/altius/vkyangularjsprojects/crmfrontend/src/index.ts)): Error: cannot open file:///home/altius/vkyangularjsprojects/crmfrontend/src/index.ts. Detail: Unable to read file (Error: File not found (/home/altius/vkyangularjsprojects/crmfrontend/src/index.ts))
    at n.then.e (file:///usr/share/code/resources/app/out/vs/workbench/workbench.main.js:4408:258)
[2019-09-22 13:18:46.671] [renderer1] [error] cannot open file:///home/altius/vkyangularjsprojects/crmfrontend/src/index.ts. Detail: Unable to read file (Error: File not found (/home/altius/vkyangularjsprojects/crmfrontend/src/index.ts)): Error: cannot open file:///home/altius/vkyangularjsprojects/crmfrontend/src/index.ts. Detail: Unable to read file (Error: File not found (/home/altius/vkyangularjsprojects/crmfrontend/src/index.ts))
    at n.then.e (file:///usr/share/code/resources/app/out/vs/workbench/workbench.main.js:4408:258)
[2019-09-22 13:18:49.077] [renderer1] [error] cannot open file:///home/altius/vkyangularjsprojects/crmfrontend/src/index.ts. Detail: Unable to read file (Error: File not found (/home/altius/vkyangularjsprojects/crmfrontend/src/index.ts)): Error: cannot open file:///home/altius/vkyangularjsprojects/crmfrontend/src/index.ts. Detail: Unable to read file (Error: File not found (/home/altius/vkyangularjsprojects/crmfrontend/src/index.ts))
    at n.then.e (file:///usr/share/code/resources/app/out/vs/workbench/workbench.main.js:4408:258)
[2019-09-22 13:18:50.873] [renderer1] [error] cannot open file:///home/altius/vkyangularjsprojects/crmfrontend/src/index.ts. Detail: Unable to read file (Error: File not found (/home/altius/vkyangularjsprojects/crmfrontend/src/index.ts)): Error: cannot open file:///home/altius/vkyangularjsprojects/crmfrontend/src/index.ts. Detail: Unable to read file (Error: File not found (/home/altius/vkyangularjsprojects/crmfrontend/src/index.ts))
    at n.then.e (file:///usr/share/code/resources/app/out/vs/workbench/workbench.main.js:4408:258)
[2019-09-22 13:18:52.759] [renderer1] [error] cannot open file:///home/altius/vkyangularjsprojects/crmfrontend/src/index.ts. Detail: Unable to read file (Error: File not found (/home/altius/vkyangularjsprojects/crmfrontend/src/index.ts)): Error: cannot open file:///home/altius/vkyangularjsprojects/crmfrontend/src/index.ts. Detail: Unable to read file (Error: File not found (/home/altius/vkyangularjsprojects/crmfrontend/src/index.ts))
    at n.then.e (file:///usr/share/code/resources/app/out/vs/workbench/workbench.main.js:4408:258)
[2019-09-22 13:18:54.717] [renderer1] [error] cannot open file:///home/altius/vkyangularjsprojects/crmfrontend/src/index.ts. Detail: Unable to read file (Error: File not found (/home/altius/vkyangularjsprojects/crmfrontend/src/index.ts)): Error: cannot open file:///home/altius/vkyangularjsprojects/crmfrontend/src/index.ts. Detail: Unable to read file (Error: File not found (/home/altius/vkyangularjsprojects/crmfrontend/src/index.ts))
    at n.then.e (file:///usr/share/code/resources/app/out/vs/workbench/workbench.main.js:4408:258)
[2019-09-22 13:18:56.999] [renderer1] [error] cannot open file:///home/altius/vkyangularjsprojects/crmfrontend/src/index.ts. Detail: Unable to read file (Error: File not found (/home/altius/vkyangularjsprojects/crmfrontend/src/index.ts)): Error: cannot open file:///home/altius/vkyangularjsprojects/crmfrontend/src/index.ts. Detail: Unable to read file (Error: File not found (/home/altius/vkyangularjsprojects/crmfrontend/src/index.ts))
    at n.then.e (file:///usr/share/code/resources/app/out/vs/workbench/workbench.main.js:4408:258)
[2019-09-22 13:18:58.738] [renderer1] [error] cannot open file:///home/altius/vkyangularjsprojects/crmfrontend/src/index.ts. Detail: Unable to read file (Error: File not found (/home/altius/vkyangularjsprojects/crmfrontend/src/index.ts)): Error: cannot open file:///home/altius/vkyangularjsprojects/crmfrontend/src/index.ts. Detail: Unable to read file (Error: File not found (/home/altius/vkyangularjsprojects/crmfrontend/src/index.ts))
    at n.then.e (file:///usr/share/code/resources/app/out/vs/workbench/workbench.main.js:4408:258)
[2019-09-22 13:19:06.538] [renderer1] [error] cannot open file:///home/altius/vkyangularjsprojects/crmfrontend/src/index.ts. Detail: Unable to read file (Error: File not found (/home/altius/vkyangularjsprojects/crmfrontend/src/index.ts)): Error: cannot open file:///home/altius/vkyangularjsprojects/crmfrontend/src/index.ts. Detail: Unable to read file (Error: File not found (/home/altius/vkyangularjsprojects/crmfrontend/src/index.ts))
    at n.then.e (file:///usr/share/code/resources/app/out/vs/workbench/workbench.main.js:4408:258)
[2019-09-22 13:19:08.460] [renderer1] [error] cannot open file:///home/altius/vkyangularjsprojects/crmfrontend/src/index.ts. Detail: Unable to read file (Error: File not found (/home/altius/vkyangularjsprojects/crmfrontend/src/index.ts)): Error: cannot open file:///home/altius/vkyangularjsprojects/crmfrontend/src/index.ts. Detail: Unable to read file (Error: File not found (/home/altius/vkyangularjsprojects/crmfrontend/src/index.ts))
    at n.then.e (file:///usr/share/code/resources/app/out/vs/workbench/workbench.main.js:4408:258)
[2019-09-22 13:19:10.414] [renderer1] [error] cannot open file:///home/altius/vkyangularjsprojects/crmfrontend/src/index.ts. Detail: Unable to read file (Error: File not found (/home/altius/vkyangularjsprojects/crmfrontend/src/index.ts)): Error: cannot open file:///home/altius/vkyangularjsprojects/crmfrontend/src/index.ts. Detail: Unable to read file (Error: File not found (/home/altius/vkyangularjsprojects/crmfrontend/src/index.ts))
    at n.then.e (file:///usr/share/code/resources/app/out/vs/workbench/workbench.main.js:4408:258)
[2019-09-22 13:19:12.370] [renderer1] [error] cannot open file:///home/altius/vkyangularjsprojects/crmfrontend/src/index.ts. Detail: Unable to read file (Error: File not found (/home/altius/vkyangularjsprojects/crmfrontend/src/index.ts)): Error: cannot open file:///home/altius/vkyangularjsprojects/crmfrontend/src/index.ts. Detail: Unable to read file (Error: File not found (/home/altius/vkyangularjsprojects/crmfrontend/src/index.ts))
    at n.then.e (file:///usr/share/code/resources/app/out/vs/workbench/workbench.main.js:4408:258)
[2019-09-22 13:25:07.591] [renderer1] [error] Invalid schema: Error: Invalid schema
    at ConfigurationManager.<anonymous> (/home/altius/.vscode/extensions/alexiv.vscode-angular2-files-1.6.2/out/src/configuration-manager.js:36:27)
    at Generator.next (<anonymous>)
    at fulfilled (/home/altius/.vscode/extensions/alexiv.vscode-angular2-files-1.6.2/out/src/configuration-manager.js:4:58)
[2019-09-22 13:28:26.236] [renderer1] [error] cannot open file:///home/altius/vkyangularjsprojects/crmfrontend/src/index.ts. Detail: Unable to read file (Error: File not found (/home/altius/vkyangularjsprojects/crmfrontend/src/index.ts)): Error: cannot open file:///home/altius/vkyangularjsprojects/crmfrontend/src/index.ts. Detail: Unable to read file (Error: File not found (/home/altius/vkyangularjsprojects/crmfrontend/src/index.ts))
    at n.then.e (file:///usr/share/code/resources/app/out/vs/workbench/workbench.main.js:4408:258)
[2019-09-22 13:32:18.123] [renderer1] [error] Tree input not set: Error: Tree input not set
    at q.updateChildren (file:///usr/share/code/resources/app/out/vs/workbench/workbench.main.js:952:606)
    at e.<anonymous> (file:///usr/share/code/resources/app/out/vs/workbench/workbench.main.js:4841:695)
    at Generator.next (<anonymous>)
    at r (file:///usr/share/code/resources/app/out/vs/workbench/workbench.main.js:34:454)
[2019-09-22 13:38:37.207] [renderer1] [error] cannot open file:///home/altius/vkyangularjsprojects/crmfrontend/src/index.ts. Detail: Unable to read file (Error: File not found (/home/altius/vkyangularjsprojects/crmfrontend/src/index.ts)): Error: cannot open file:///home/altius/vkyangularjsprojects/crmfrontend/src/index.ts. Detail: Unable to read file (Error: File not found (/home/altius/vkyangularjsprojects/crmfrontend/src/index.ts))
    at n.then.e (file:///usr/share/code/resources/app/out/vs/workbench/workbench.main.js:4408:258)
[2019-09-22 13:54:21.923] [renderer1] [error] cannot open file:///home/altius/vkyangularjsprojects/crmfrontend/src/index.ts. Detail: Unable to read file (Error: File not found (/home/altius/vkyangularjsprojects/crmfrontend/src/index.ts)): Error: cannot open file:///home/altius/vkyangularjsprojects/crmfrontend/src/index.ts. Detail: Unable to read file (Error: File not found (/home/altius/vkyangularjsprojects/crmfrontend/src/index.ts))
    at n.then.e (file:///usr/share/code/resources/app/out/vs/workbench/workbench.main.js:4408:258)
[2019-09-22 13:54:25.114] [renderer1] [error] cannot open file:///home/altius/vkyangularjsprojects/crmfrontend/src/index.ts. Detail: Unable to read file (Error: File not found (/home/altius/vkyangularjsprojects/crmfrontend/src/index.ts)): Error: cannot open file:///home/altius/vkyangularjsprojects/crmfrontend/src/index.ts. Detail: Unable to read file (Error: File not found (/home/altius/vkyangularjsprojects/crmfrontend/src/index.ts))
    at n.then.e (file:///usr/share/code/resources/app/out/vs/workbench/workbench.main.js:4408:258)
[2019-09-22 13:54:44.149] [renderer1] [error] cannot open file:///home/altius/vkyangularjsprojects/crmfrontend/src/index.ts. Detail: Unable to read file (Error: File not found (/home/altius/vkyangularjsprojects/crmfrontend/src/index.ts)): Error: cannot open file:///home/altius/vkyangularjsprojects/crmfrontend/src/index.ts. Detail: Unable to read file (Error: File not found (/home/altius/vkyangularjsprojects/crmfrontend/src/index.ts))
    at n.then.e (file:///usr/share/code/resources/app/out/vs/workbench/workbench.main.js:4408:258)
[2019-09-22 13:56:19.285] [renderer1] [error] cannot open file:///home/altius/vkyangularjsprojects/crmfrontend/src/index.ts. Detail: Unable to read file (Error: File not found (/home/altius/vkyangularjsprojects/crmfrontend/src/index.ts)): Error: cannot open file:///home/altius/vkyangularjsprojects/crmfrontend/src/index.ts. Detail: Unable to read file (Error: File not found (/home/altius/vkyangularjsprojects/crmfrontend/src/index.ts))
    at n.then.e (file:///usr/share/code/resources/app/out/vs/workbench/workbench.main.js:4408:258)
[2019-09-22 13:56:22.347] [renderer1] [error] cannot open file:///home/altius/vkyangularjsprojects/crmfrontend/src/index.ts. Detail: Unable to read file (Error: File not found (/home/altius/vkyangularjsprojects/crmfrontend/src/index.ts)): Error: cannot open file:///home/altius/vkyangularjsprojects/crmfrontend/src/index.ts. Detail: Unable to read file (Error: File not found (/home/altius/vkyangularjsprojects/crmfrontend/src/index.ts))
    at n.then.e (file:///usr/share/code/resources/app/out/vs/workbench/workbench.main.js:4408:258)
[2019-09-22 14:56:13.514] [renderer1] [error] cannot open file:///home/altius/vkyangularjsprojects/crmfrontend/src/index.ts. Detail: Unable to read file (Error: File not found (/home/altius/vkyangularjsprojects/crmfrontend/src/index.ts)): Error: cannot open file:///home/altius/vkyangularjsprojects/crmfrontend/src/index.ts. Detail: Unable to read file (Error: File not found (/home/altius/vkyangularjsprojects/crmfrontend/src/index.ts))
    at n.then.e (file:///usr/share/code/resources/app/out/vs/workbench/workbench.main.js:4408:258)
[2019-09-22 15:03:33.250] [renderer1] [error] Invalid schema: Error: Invalid schema
    at ConfigurationManager.<anonymous> (/home/altius/.vscode/extensions/alexiv.vscode-angular2-files-1.6.2/out/src/configuration-manager.js:36:27)
    at Generator.next (<anonymous>)
    at fulfilled (/home/altius/.vscode/extensions/alexiv.vscode-angular2-files-1.6.2/out/src/configuration-manager.js:4:58)
[2019-09-22 15:43:14.879] [renderer1] [error] cannot open file:///home/altius/vkyangularjsprojects/crmfrontend/src/index.ts. Detail: Unable to read file (Error: File not found (/home/altius/vkyangularjsprojects/crmfrontend/src/index.ts)): Error: cannot open file:///home/altius/vkyangularjsprojects/crmfrontend/src/index.ts. Detail: Unable to read file (Error: File not found (/home/altius/vkyangularjsprojects/crmfrontend/src/index.ts))
    at n.then.e (file:///usr/share/code/resources/app/out/vs/workbench/workbench.main.js:4408:258)
[2019-09-22 16:38:36.792] [renderer1] [error] Invalid schema: Error: Invalid schema
    at ConfigurationManager.<anonymous> (/home/altius/.vscode/extensions/alexiv.vscode-angular2-files-1.6.2/out/src/configuration-manager.js:36:27)
    at Generator.next (<anonymous>)
    at fulfilled (/home/altius/.vscode/extensions/alexiv.vscode-angular2-files-1.6.2/out/src/configuration-manager.js:4:58)
[2019-09-22 16:38:49.676] [renderer1] [error] Invalid schema: Error: Invalid schema
    at ConfigurationManager.<anonymous> (/home/altius/.vscode/extensions/alexiv.vscode-angular2-files-1.6.2/out/src/configuration-manager.js:36:27)
    at Generator.next (<anonymous>)
    at fulfilled (/home/altius/.vscode/extensions/alexiv.vscode-angular2-files-1.6.2/out/src/configuration-manager.js:4:58)
[2019-09-22 16:55:45.289] [renderer1] [error] Invalid schema: Error: Invalid schema
    at ConfigurationManager.<anonymous> (/home/altius/.vscode/extensions/alexiv.vscode-angular2-files-1.6.2/out/src/configuration-manager.js:36:27)
    at Generator.next (<anonymous>)
    at fulfilled (/home/altius/.vscode/extensions/alexiv.vscode-angular2-files-1.6.2/out/src/configuration-manager.js:4:58)
[2019-09-22 17:13:30.004] [renderer1] [error] Data tree node not found: [object Object]: Error: Data tree node not found: [object Object]
    at Y.getDataNode (file:///usr/share/code/resources/app/out/vs/workbench/workbench.main.js:963:433)
    at Y.reveal (file:///usr/share/code/resources/app/out/vs/workbench/workbench.main.js:963:23)
    at e.<anonymous> (file:///usr/share/code/resources/app/out/vs/workbench/workbench.main.js:5306:868)
    at Generator.next (<anonymous>)
    at r (file:///usr/share/code/resources/app/out/vs/workbench/workbench.main.js:34:454)
[2019-09-22 17:21:11.506] [renderer1] [error] Data tree node not found: [object Object]: Error: Data tree node not found: [object Object]
    at Y.getDataNode (file:///usr/share/code/resources/app/out/vs/workbench/workbench.main.js:963:433)
    at Y.reveal (file:///usr/share/code/resources/app/out/vs/workbench/workbench.main.js:963:23)
    at e.<anonymous> (file:///usr/share/code/resources/app/out/vs/workbench/workbench.main.js:5306:868)
    at Generator.next (<anonymous>)
    at r (file:///usr/share/code/resources/app/out/vs/workbench/workbench.main.js:34:454)
