[2019-09-22 12:28:15.792] [sharedprocess] [info] main {"machineId":"c49b53feff7351261df838c442cdc282543d13704a64f0f7a9039f43c66f9b8b"}
[2019-09-22 12:28:17.148] [sharedprocess] [info] Scanned user extensions: 80
[2019-09-22 12:28:17.384] [sharedprocess] [info] Scanned system extensions: 72
[2019-09-22 12:28:18.270] [sharedprocess] [info] Deleted from disk nrwl.angular-console /home/altius/.vscode/extensions/nrwl.angular-console-8.1.1
[2019-09-22 12:28:18.686] [sharedprocess] [info] Deleted from disk pivotal.vscode-spring-boot /home/altius/.vscode/extensions/pivotal.vscode-spring-boot-1.10.0
[2019-09-22 12:28:20.500] [sharedprocess] [info] Scanned system extensions: 72
[2019-09-22 12:28:20.507] [sharedprocess] [info] Scanned system extensions: 72
[2019-09-22 12:28:20.517] [sharedprocess] [info] Scanned user extensions: 80
[2019-09-22 12:28:20.529] [sharedprocess] [info] Scanned user extensions: 80
[2019-09-22 12:28:20.720] [sharedprocess] [info] Scanned system extensions: 72
[2019-09-22 12:28:20.737] [sharedprocess] [info] Scanned user extensions: 80
[2019-09-22 12:28:24.054] [sharedprocess] [info] Scanned user extensions: 80
[2019-09-22 12:28:24.064] [sharedprocess] [info] Scanned user extensions: 80
[2019-09-22 12:28:24.080] [sharedprocess] [info] Scanned user extensions: 80
[2019-09-22 12:28:55.691] [sharedprocess] [info] Starting to clean up unused language packs.
[2019-09-22 12:30:41.112] [sharedprocess] [info] Scanned system extensions: 72
[2019-09-22 12:30:41.115] [sharedprocess] [info] Scanned system extensions: 72
[2019-09-22 12:30:41.133] [sharedprocess] [info] Scanned user extensions: 80
[2019-09-22 12:30:41.144] [sharedprocess] [info] Scanned user extensions: 80
[2019-09-22 12:30:41.423] [sharedprocess] [info] Scanned system extensions: 72
[2019-09-22 12:30:41.426] [sharedprocess] [info] Scanned user extensions: 80
[2019-09-22 12:30:43.288] [sharedprocess] [info] Scanned user extensions: 80
[2019-09-22 12:35:43.361] [sharedprocess] [info] Scanned user extensions: 80
[2019-09-22 12:40:43.468] [sharedprocess] [info] Scanned user extensions: 80
[2019-09-22 12:45:43.555] [sharedprocess] [info] Scanned user extensions: 80
[2019-09-22 12:50:43.630] [sharedprocess] [info] Scanned user extensions: 80
[2019-09-22 12:55:43.692] [sharedprocess] [info] Scanned user extensions: 80
[2019-09-22 13:00:43.773] [sharedprocess] [info] Scanned user extensions: 80
[2019-09-22 13:05:43.823] [sharedprocess] [info] Scanned user extensions: 80
[2019-09-22 13:10:43.905] [sharedprocess] [info] Scanned user extensions: 80
[2019-09-22 13:15:43.998] [sharedprocess] [info] Scanned user extensions: 80
[2019-09-22 13:20:44.084] [sharedprocess] [info] Scanned user extensions: 80
[2019-09-22 13:25:44.167] [sharedprocess] [info] Scanned user extensions: 80
[2019-09-22 13:30:45.667] [sharedprocess] [info] Scanned user extensions: 80
[2019-09-22 13:35:45.752] [sharedprocess] [info] Scanned user extensions: 80
[2019-09-22 13:40:45.808] [sharedprocess] [info] Scanned user extensions: 80
[2019-09-22 13:45:45.860] [sharedprocess] [info] Scanned user extensions: 80
[2019-09-22 13:50:45.964] [sharedprocess] [info] Scanned user extensions: 80
[2019-09-22 13:55:46.067] [sharedprocess] [info] Scanned user extensions: 80
[2019-09-22 14:53:00.285] [sharedprocess] [info] Scanned user extensions: 80
[2019-09-22 14:58:00.384] [sharedprocess] [info] Scanned user extensions: 80
[2019-09-22 15:03:00.501] [sharedprocess] [info] Scanned user extensions: 80
[2019-09-22 15:08:00.618] [sharedprocess] [info] Scanned user extensions: 80
[2019-09-22 15:13:00.728] [sharedprocess] [info] Scanned user extensions: 80
[2019-09-22 15:18:00.818] [sharedprocess] [info] Scanned user extensions: 80
[2019-09-22 15:23:00.904] [sharedprocess] [info] Scanned user extensions: 80
[2019-09-22 15:28:00.993] [sharedprocess] [info] Scanned user extensions: 80
[2019-09-22 15:33:01.110] [sharedprocess] [info] Scanned user extensions: 80
[2019-09-22 15:38:01.242] [sharedprocess] [info] Scanned user extensions: 80
[2019-09-22 15:43:01.344] [sharedprocess] [info] Scanned user extensions: 80
[2019-09-22 15:48:02.816] [sharedprocess] [info] Scanned user extensions: 80
[2019-09-22 15:53:04.126] [sharedprocess] [info] Scanned user extensions: 80
[2019-09-22 15:58:04.236] [sharedprocess] [info] Scanned user extensions: 80
[2019-09-22 16:03:04.343] [sharedprocess] [info] Scanned user extensions: 80
[2019-09-22 16:08:04.435] [sharedprocess] [info] Scanned user extensions: 80
[2019-09-22 16:13:04.530] [sharedprocess] [info] Scanned user extensions: 80
[2019-09-22 16:18:04.631] [sharedprocess] [info] Scanned user extensions: 80
[2019-09-22 16:23:04.718] [sharedprocess] [info] Scanned user extensions: 80
[2019-09-22 16:28:04.814] [sharedprocess] [info] Scanned user extensions: 80
[2019-09-22 16:33:04.884] [sharedprocess] [info] Scanned user extensions: 80
[2019-09-22 16:38:05.010] [sharedprocess] [info] Scanned user extensions: 80
[2019-09-22 16:43:05.120] [sharedprocess] [info] Scanned user extensions: 80
[2019-09-22 16:48:05.222] [sharedprocess] [info] Scanned user extensions: 80
[2019-09-22 16:53:07.021] [sharedprocess] [info] Scanned user extensions: 80
[2019-09-22 16:58:07.106] [sharedprocess] [info] Scanned user extensions: 80
[2019-09-22 17:03:07.223] [sharedprocess] [info] Scanned user extensions: 80
[2019-09-22 17:08:07.311] [sharedprocess] [info] Scanned user extensions: 80
[2019-09-22 17:13:07.430] [sharedprocess] [info] Scanned user extensions: 80
[2019-09-22 17:18:07.542] [sharedprocess] [info] Scanned user extensions: 80
[2019-09-23 10:34:01.988] [sharedprocess] [info] Scanned user extensions: 80
[2019-09-23 10:39:02.126] [sharedprocess] [info] Scanned user extensions: 80
[2019-09-23 10:44:02.237] [sharedprocess] [info] Scanned user extensions: 80
[2019-09-23 10:49:02.321] [sharedprocess] [info] Scanned user extensions: 80
