[2019-09-22 12:28:21.822] [exthost] [info] extension host started
[2019-09-22 12:28:22.078] [exthost] [info] ExtensionService#_doActivateExtension vscode.debug-auto-launch {"startup":true,"activationEvent":"*"}
[2019-09-22 12:28:22.078] [exthost] [info] ExtensionService#loadCommonJSModule /usr/share/code/resources/app/extensions/debug-auto-launch/dist/extension
[2019-09-22 12:28:22.198] [exthost] [info] ExtensionService#_doActivateExtension vscode.emmet {"startup":true,"activationEvent":"*"}
[2019-09-22 12:28:22.198] [exthost] [info] ExtensionService#loadCommonJSModule /usr/share/code/resources/app/extensions/emmet/dist/extension
[2019-09-22 12:28:22.548] [exthost] [info] ExtensionService#_doActivateExtension vscode.git {"startup":true,"activationEvent":"*"}
[2019-09-22 12:28:22.548] [exthost] [info] ExtensionService#loadCommonJSModule /usr/share/code/resources/app/extensions/git/dist/main
[2019-09-22 12:28:23.127] [exthost] [info] ExtensionService#_doActivateExtension vscode.merge-conflict {"startup":true,"activationEvent":"*"}
[2019-09-22 12:28:23.127] [exthost] [info] ExtensionService#loadCommonJSModule /usr/share/code/resources/app/extensions/merge-conflict/dist/extension
[2019-09-22 12:28:23.279] [exthost] [info] ExtensionService#_doActivateExtension alexiv.vscode-angular2-files {"startup":true,"activationEvent":"*"}
[2019-09-22 12:28:23.279] [exthost] [info] ExtensionService#loadCommonJSModule /home/altius/.vscode/extensions/alexiv.vscode-angular2-files-1.6.2/out/src/extension
[2019-09-22 12:28:23.415] [exthost] [info] ExtensionService#_doActivateExtension christian-kohler.path-intellisense {"startup":true,"activationEvent":"*"}
[2019-09-22 12:28:23.415] [exthost] [info] ExtensionService#loadCommonJSModule /home/altius/.vscode/extensions/christian-kohler.path-intellisense-1.4.2/out/src/extension
[2019-09-22 12:28:23.490] [exthost] [info] ExtensionService#_doActivateExtension eamodio.gitlens {"startup":true,"activationEvent":"*"}
[2019-09-22 12:28:23.490] [exthost] [info] ExtensionService#loadCommonJSModule /home/altius/.vscode/extensions/eamodio.gitlens-9.9.1/dist/extension
[2019-09-22 12:28:23.894] [exthost] [info] ExtensionService#_doActivateExtension EditorConfig.EditorConfig {"startup":true,"activationEvent":"*"}
[2019-09-22 12:28:23.894] [exthost] [info] ExtensionService#loadCommonJSModule /home/altius/.vscode/extensions/editorconfig.editorconfig-0.13.0/out/src/editorConfigMain
[2019-09-22 12:28:24.693] [exthost] [info] ExtensionService#_doActivateExtension esbenp.prettier-vscode {"startup":true,"activationEvent":"*"}
[2019-09-22 12:28:24.693] [exthost] [info] ExtensionService#loadCommonJSModule /home/altius/.vscode/extensions/esbenp.prettier-vscode-2.2.2/out/extension
[2019-09-22 12:28:26.360] [exthost] [info] ExtensionService#_doActivateExtension formulahendry.auto-close-tag {"startup":true,"activationEvent":"*"}
[2019-09-22 12:28:26.360] [exthost] [info] ExtensionService#loadCommonJSModule /home/altius/.vscode/extensions/formulahendry.auto-close-tag-0.5.6/out/src/extension
[2019-09-22 12:28:26.397] [exthost] [info] ExtensionService#_doActivateExtension formulahendry.auto-rename-tag {"startup":true,"activationEvent":"*"}
[2019-09-22 12:28:26.397] [exthost] [info] ExtensionService#loadCommonJSModule /home/altius/.vscode/extensions/formulahendry.auto-rename-tag-0.1.0/out/src/extension
[2019-09-22 12:28:26.443] [exthost] [info] ExtensionService#_doActivateExtension infinity1207.angular2-switcher {"startup":true,"activationEvent":"*"}
[2019-09-22 12:28:26.443] [exthost] [info] ExtensionService#loadCommonJSModule /home/altius/.vscode/extensions/infinity1207.angular2-switcher-0.2.0/out/src/extension
[2019-09-22 12:28:26.476] [exthost] [info] ExtensionService#_doActivateExtension jakethashi.vscode-angular2-emmet {"startup":true,"activationEvent":"*"}
[2019-09-22 12:28:26.476] [exthost] [info] ExtensionService#loadCommonJSModule /home/altius/.vscode/extensions/jakethashi.vscode-angular2-emmet-2.0.3/out/src/extension
[2019-09-22 12:28:26.630] [exthost] [info] ExtensionService#_doActivateExtension joelday.docthis {"startup":true,"activationEvent":"*"}
[2019-09-22 12:28:26.630] [exthost] [info] ExtensionService#loadCommonJSModule /home/altius/.vscode/extensions/joelday.docthis-0.7.1/out/src/extension
[2019-09-22 12:28:27.386] [exthost] [info] ExtensionService#_doActivateExtension johnpapa.vscode-peacock {"startup":true,"activationEvent":"*"}
[2019-09-22 12:28:27.386] [exthost] [info] ExtensionService#loadCommonJSModule /home/altius/.vscode/extensions/johnpapa.vscode-peacock-2.4.0/dist/extension
[2019-09-22 12:28:27.442] [exthost] [info] ExtensionService#_doActivateExtension kisstkondoros.vscode-codemetrics {"startup":true,"activationEvent":"*"}
[2019-09-22 12:28:27.442] [exthost] [info] ExtensionService#loadCommonJSModule /home/altius/.vscode/extensions/kisstkondoros.vscode-codemetrics-1.19.1/out/src/extension
[2019-09-22 12:28:28.725] [exthost] [info] ExtensionService#_doActivateExtension michelemelluso.gitignore {"startup":true,"activationEvent":"*"}
[2019-09-22 12:28:28.725] [exthost] [info] ExtensionService#loadCommonJSModule /home/altius/.vscode/extensions/michelemelluso.gitignore-1.0.1/out/src/extension
[2019-09-22 12:28:28.767] [exthost] [info] ExtensionService#_doActivateExtension nrwl.angular-console {"startup":true,"activationEvent":"*"}
[2019-09-22 12:28:28.767] [exthost] [info] ExtensionService#loadCommonJSModule /home/altius/.vscode/extensions/nrwl.angular-console-8.1.2/main.js
[2019-09-22 12:28:31.391] [exthost] [info] ExtensionService#_doActivateExtension PKief.material-icon-theme {"startup":true,"activationEvent":"*"}
[2019-09-22 12:28:31.391] [exthost] [info] ExtensionService#loadCommonJSModule /home/altius/.vscode/extensions/pkief.material-icon-theme-3.9.0/dist/extension
[2019-09-22 12:28:31.468] [exthost] [info] ExtensionService#_doActivateExtension shardulm94.trailing-spaces {"startup":true,"activationEvent":"*"}
[2019-09-22 12:28:31.468] [exthost] [info] ExtensionService#loadCommonJSModule /home/altius/.vscode/extensions/shardulm94.trailing-spaces-0.3.1/out/src/extension
[2019-09-22 12:28:31.585] [exthost] [info] ExtensionService#_doActivateExtension streetsidesoftware.code-spell-checker {"startup":true,"activationEvent":"*"}
[2019-09-22 12:28:31.585] [exthost] [info] ExtensionService#loadCommonJSModule /home/altius/.vscode/extensions/streetsidesoftware.code-spell-checker-1.7.17/dist/extension
[2019-09-22 12:28:31.737] [exthost] [info] ExtensionService#_doActivateExtension wayou.vscode-todo-highlight {"startup":true,"activationEvent":"*"}
[2019-09-22 12:28:31.737] [exthost] [info] ExtensionService#loadCommonJSModule /home/altius/.vscode/extensions/wayou.vscode-todo-highlight-1.0.4/src/extension
[2019-09-22 12:28:31.767] [exthost] [info] ExtensionService#_doActivateExtension Zignd.html-css-class-completion {"startup":true,"activationEvent":"*"}
[2019-09-22 12:28:31.767] [exthost] [info] ExtensionService#loadCommonJSModule /home/altius/.vscode/extensions/zignd.html-css-class-completion-1.19.0/out/src/extension
[2019-09-22 12:28:32.905] [exthost] [info] eager extensions activated
[2019-09-22 12:28:33.342] [exthost] [info] ExtensionService#_doActivateExtension vscode.configuration-editing {"startup":false,"activationEvent":"onLanguage:jsonc"}
[2019-09-22 12:28:33.342] [exthost] [info] ExtensionService#loadCommonJSModule /usr/share/code/resources/app/extensions/configuration-editing/dist/extension
[2019-09-22 12:28:33.553] [exthost] [info] ExtensionService#_doActivateExtension vscode.json-language-features {"startup":false,"activationEvent":"onLanguage:jsonc"}
[2019-09-22 12:28:33.553] [exthost] [info] ExtensionService#loadCommonJSModule /usr/share/code/resources/app/extensions/json-language-features/client/dist/jsonMain
[2019-09-22 12:28:33.775] [exthost] [info] ExtensionService#_doActivateExtension vscode.typescript-language-features {"startup":false,"activationEvent":"onLanguage:jsonc"}
[2019-09-22 12:28:33.775] [exthost] [info] ExtensionService#loadCommonJSModule /usr/share/code/resources/app/extensions/typescript-language-features/dist/extension
[2019-09-22 12:28:34.036] [exthost] [info] ExtensionService#_doActivateExtension vscode.html-language-features {"startup":false,"activationEvent":"onLanguage:html"}
[2019-09-22 12:28:34.036] [exthost] [info] ExtensionService#loadCommonJSModule /usr/share/code/resources/app/extensions/html-language-features/client/dist/htmlMain
[2019-09-22 12:28:34.176] [exthost] [info] ExtensionService#_doActivateExtension Angular.ng-template {"startup":false,"activationEvent":"onLanguage:html"}
[2019-09-22 12:28:34.176] [exthost] [info] ExtensionService#loadCommonJSModule /home/altius/.vscode/extensions/angular.ng-template-0.802.3/client/extension
[2019-09-22 12:28:34.876] [exthost] [info] ExtensionService#_doActivateExtension ecmel.vscode-html-css {"startup":false,"activationEvent":"onLanguage:html"}
[2019-09-22 12:28:34.876] [exthost] [info] ExtensionService#loadCommonJSModule /home/altius/.vscode/extensions/ecmel.vscode-html-css-0.2.3/dist/extension
[2019-09-22 12:28:35.152] [exthost] [info] ExtensionService#_doActivateExtension leizongmin.node-module-intellisense {"startup":false,"activationEvent":"onLanguage:html"}
[2019-09-22 12:28:35.152] [exthost] [info] ExtensionService#loadCommonJSModule /home/altius/.vscode/extensions/leizongmin.node-module-intellisense-1.5.0/out/src/extension
[2019-09-22 12:28:35.392] [exthost] [info] ExtensionService#_doActivateExtension lonefy.vscode-JS-CSS-HTML-formatter {"startup":false,"activationEvent":"onLanguage:html"}
[2019-09-22 12:28:35.392] [exthost] [info] ExtensionService#loadCommonJSModule /home/altius/.vscode/extensions/lonefy.vscode-js-css-html-formatter-0.2.3/out/src/extension
[2019-09-22 12:28:35.441] [exthost] [info] ExtensionService#_doActivateExtension onixie.angular-component-extension {"startup":false,"activationEvent":"onLanguage:html"}
[2019-09-22 12:28:35.441] [exthost] [info] ExtensionService#loadCommonJSModule /home/altius/.vscode/extensions/onixie.angular-component-extension-0.0.14/out/src/extension
[2019-09-22 12:30:41.539] [exthost] [info] extension host started
[2019-09-22 12:30:41.567] [exthost] [info] ExtensionService#_doActivateExtension vscode.debug-auto-launch {"startup":true,"activationEvent":"*"}
[2019-09-22 12:30:41.567] [exthost] [info] ExtensionService#loadCommonJSModule /usr/share/code/resources/app/extensions/debug-auto-launch/dist/extension
[2019-09-22 12:30:41.573] [exthost] [info] ExtensionService#_doActivateExtension vscode.emmet {"startup":true,"activationEvent":"*"}
[2019-09-22 12:30:41.573] [exthost] [info] ExtensionService#loadCommonJSModule /usr/share/code/resources/app/extensions/emmet/dist/extension
[2019-09-22 12:30:41.593] [exthost] [info] ExtensionService#_doActivateExtension vscode.git {"startup":true,"activationEvent":"*"}
[2019-09-22 12:30:41.593] [exthost] [info] ExtensionService#loadCommonJSModule /usr/share/code/resources/app/extensions/git/dist/main
[2019-09-22 12:30:41.700] [exthost] [info] ExtensionService#_doActivateExtension vscode.merge-conflict {"startup":true,"activationEvent":"*"}
[2019-09-22 12:30:41.700] [exthost] [info] ExtensionService#loadCommonJSModule /usr/share/code/resources/app/extensions/merge-conflict/dist/extension
[2019-09-22 12:30:41.706] [exthost] [info] ExtensionService#_doActivateExtension alexiv.vscode-angular2-files {"startup":true,"activationEvent":"*"}
[2019-09-22 12:30:41.706] [exthost] [info] ExtensionService#loadCommonJSModule /home/altius/.vscode/extensions/alexiv.vscode-angular2-files-1.6.2/out/src/extension
[2019-09-22 12:30:41.719] [exthost] [info] ExtensionService#_doActivateExtension christian-kohler.path-intellisense {"startup":true,"activationEvent":"*"}
[2019-09-22 12:30:41.719] [exthost] [info] ExtensionService#loadCommonJSModule /home/altius/.vscode/extensions/christian-kohler.path-intellisense-1.4.2/out/src/extension
[2019-09-22 12:30:41.730] [exthost] [info] ExtensionService#_doActivateExtension eamodio.gitlens {"startup":true,"activationEvent":"*"}
[2019-09-22 12:30:41.730] [exthost] [info] ExtensionService#loadCommonJSModule /home/altius/.vscode/extensions/eamodio.gitlens-9.9.1/dist/extension
[2019-09-22 12:30:41.904] [exthost] [info] ExtensionService#_doActivateExtension EditorConfig.EditorConfig {"startup":true,"activationEvent":"*"}
[2019-09-22 12:30:41.905] [exthost] [info] ExtensionService#loadCommonJSModule /home/altius/.vscode/extensions/editorconfig.editorconfig-0.13.0/out/src/editorConfigMain
[2019-09-22 12:30:41.929] [exthost] [info] ExtensionService#_doActivateExtension esbenp.prettier-vscode {"startup":true,"activationEvent":"*"}
[2019-09-22 12:30:41.929] [exthost] [info] ExtensionService#loadCommonJSModule /home/altius/.vscode/extensions/esbenp.prettier-vscode-2.2.2/out/extension
[2019-09-22 12:30:42.148] [exthost] [info] ExtensionService#_doActivateExtension formulahendry.auto-close-tag {"startup":true,"activationEvent":"*"}
[2019-09-22 12:30:42.148] [exthost] [info] ExtensionService#loadCommonJSModule /home/altius/.vscode/extensions/formulahendry.auto-close-tag-0.5.6/out/src/extension
[2019-09-22 12:30:42.149] [exthost] [info] ExtensionService#_doActivateExtension formulahendry.auto-rename-tag {"startup":true,"activationEvent":"*"}
[2019-09-22 12:30:42.149] [exthost] [info] ExtensionService#loadCommonJSModule /home/altius/.vscode/extensions/formulahendry.auto-rename-tag-0.1.0/out/src/extension
[2019-09-22 12:30:42.152] [exthost] [info] ExtensionService#_doActivateExtension infinity1207.angular2-switcher {"startup":true,"activationEvent":"*"}
[2019-09-22 12:30:42.152] [exthost] [info] ExtensionService#loadCommonJSModule /home/altius/.vscode/extensions/infinity1207.angular2-switcher-0.2.0/out/src/extension
[2019-09-22 12:30:42.155] [exthost] [info] ExtensionService#_doActivateExtension jakethashi.vscode-angular2-emmet {"startup":true,"activationEvent":"*"}
[2019-09-22 12:30:42.155] [exthost] [info] ExtensionService#loadCommonJSModule /home/altius/.vscode/extensions/jakethashi.vscode-angular2-emmet-2.0.3/out/src/extension
[2019-09-22 12:30:42.238] [exthost] [info] ExtensionService#_doActivateExtension joelday.docthis {"startup":true,"activationEvent":"*"}
[2019-09-22 12:30:42.238] [exthost] [info] ExtensionService#loadCommonJSModule /home/altius/.vscode/extensions/joelday.docthis-0.7.1/out/src/extension
[2019-09-22 12:30:42.585] [exthost] [info] ExtensionService#_doActivateExtension johnpapa.vscode-peacock {"startup":true,"activationEvent":"*"}
[2019-09-22 12:30:42.585] [exthost] [info] ExtensionService#loadCommonJSModule /home/altius/.vscode/extensions/johnpapa.vscode-peacock-2.4.0/dist/extension
[2019-09-22 12:30:42.592] [exthost] [info] ExtensionService#_doActivateExtension kisstkondoros.vscode-codemetrics {"startup":true,"activationEvent":"*"}
[2019-09-22 12:30:42.592] [exthost] [info] ExtensionService#loadCommonJSModule /home/altius/.vscode/extensions/kisstkondoros.vscode-codemetrics-1.19.1/out/src/extension
[2019-09-22 12:30:43.001] [exthost] [info] ExtensionService#_doActivateExtension michelemelluso.gitignore {"startup":true,"activationEvent":"*"}
[2019-09-22 12:30:43.001] [exthost] [info] ExtensionService#loadCommonJSModule /home/altius/.vscode/extensions/michelemelluso.gitignore-1.0.1/out/src/extension
[2019-09-22 12:30:43.002] [exthost] [info] ExtensionService#_doActivateExtension nrwl.angular-console {"startup":true,"activationEvent":"*"}
[2019-09-22 12:30:43.002] [exthost] [info] ExtensionService#loadCommonJSModule /home/altius/.vscode/extensions/nrwl.angular-console-8.1.2/main.js
[2019-09-22 12:30:44.482] [exthost] [info] ExtensionService#_doActivateExtension PKief.material-icon-theme {"startup":true,"activationEvent":"*"}
[2019-09-22 12:30:44.482] [exthost] [info] ExtensionService#loadCommonJSModule /home/altius/.vscode/extensions/pkief.material-icon-theme-3.9.0/dist/extension
[2019-09-22 12:30:44.498] [exthost] [info] ExtensionService#_doActivateExtension shardulm94.trailing-spaces {"startup":true,"activationEvent":"*"}
[2019-09-22 12:30:44.498] [exthost] [info] ExtensionService#loadCommonJSModule /home/altius/.vscode/extensions/shardulm94.trailing-spaces-0.3.1/out/src/extension
[2019-09-22 12:30:44.512] [exthost] [info] ExtensionService#_doActivateExtension streetsidesoftware.code-spell-checker {"startup":true,"activationEvent":"*"}
[2019-09-22 12:30:44.512] [exthost] [info] ExtensionService#loadCommonJSModule /home/altius/.vscode/extensions/streetsidesoftware.code-spell-checker-1.7.17/dist/extension
[2019-09-22 12:30:44.585] [exthost] [info] ExtensionService#_doActivateExtension wayou.vscode-todo-highlight {"startup":true,"activationEvent":"*"}
[2019-09-22 12:30:44.585] [exthost] [info] ExtensionService#loadCommonJSModule /home/altius/.vscode/extensions/wayou.vscode-todo-highlight-1.0.4/src/extension
[2019-09-22 12:30:44.586] [exthost] [info] ExtensionService#_doActivateExtension Zignd.html-css-class-completion {"startup":true,"activationEvent":"*"}
[2019-09-22 12:30:44.586] [exthost] [info] ExtensionService#loadCommonJSModule /home/altius/.vscode/extensions/zignd.html-css-class-completion-1.19.0/out/src/extension
[2019-09-22 12:30:44.788] [exthost] [info] ExtensionService#_doActivateExtension AngularDoc.angulardoc-vscode {"startup":true,"activationEvent":"workspaceContains:package.json"}
[2019-09-22 12:30:44.788] [exthost] [info] ExtensionService#loadCommonJSModule /home/altius/.vscode/extensions/angulardoc.angulardoc-vscode-6.1.3/build/main
[2019-09-22 12:30:48.451] [exthost] [info] ExtensionService#_doActivateExtension cyrilletuzi.angular-schematics {"startup":true,"activationEvent":"workspaceContains:angular.json"}
[2019-09-22 12:30:48.451] [exthost] [info] ExtensionService#loadCommonJSModule /home/altius/.vscode/extensions/cyrilletuzi.angular-schematics-1.27.0/out/extension
[2019-09-22 12:30:48.678] [exthost] [info] ExtensionService#_doActivateExtension vscode.configuration-editing {"startup":false,"activationEvent":"onLanguage:json"}
[2019-09-22 12:30:48.678] [exthost] [info] ExtensionService#loadCommonJSModule /usr/share/code/resources/app/extensions/configuration-editing/dist/extension
[2019-09-22 12:30:48.684] [exthost] [info] ExtensionService#_doActivateExtension vscode.extension-editing {"startup":false,"activationEvent":"onLanguage:json"}
[2019-09-22 12:30:48.684] [exthost] [info] ExtensionService#loadCommonJSModule /usr/share/code/resources/app/extensions/extension-editing/dist/extension
[2019-09-22 12:30:48.811] [exthost] [info] ExtensionService#_doActivateExtension vscode.json-language-features {"startup":false,"activationEvent":"onLanguage:json"}
[2019-09-22 12:30:48.811] [exthost] [info] ExtensionService#loadCommonJSModule /usr/share/code/resources/app/extensions/json-language-features/client/dist/jsonMain
[2019-09-22 12:30:48.899] [exthost] [info] ExtensionService#_doActivateExtension vscode.npm {"startup":false,"activationEvent":"onLanguage:json"}
[2019-09-22 12:30:48.899] [exthost] [info] ExtensionService#loadCommonJSModule /usr/share/code/resources/app/extensions/npm/dist/main
[2019-09-22 12:30:48.967] [exthost] [info] ExtensionService#_doActivateExtension eg2.vscode-npm-script {"startup":false,"activationEvent":"onLanguage:json"}
[2019-09-22 12:30:48.967] [exthost] [info] ExtensionService#loadCommonJSModule /home/altius/.vscode/extensions/eg2.vscode-npm-script-0.3.7/dist/extension
[2019-09-22 12:30:48.998] [exthost] [info] ExtensionService#_doActivateExtension lonefy.vscode-JS-CSS-HTML-formatter {"startup":false,"activationEvent":"onLanguage:json"}
[2019-09-22 12:30:48.998] [exthost] [info] ExtensionService#loadCommonJSModule /home/altius/.vscode/extensions/lonefy.vscode-js-css-html-formatter-0.2.3/out/src/extension
[2019-09-22 12:30:56.421] [exthost] [info] eager extensions activated
[2019-09-22 12:32:20.301] [exthost] [info] ExtensionService#_doActivateExtension vscode.css-language-features {"startup":false,"activationEvent":"onLanguage:css"}
[2019-09-22 12:32:20.301] [exthost] [info] ExtensionService#loadCommonJSModule /usr/share/code/resources/app/extensions/css-language-features/client/dist/cssMain
[2019-09-22 12:32:31.458] [exthost] [info] ExtensionService#_doActivateExtension vscode.typescript-language-features {"startup":false,"activationEvent":"onLanguage:typescript"}
[2019-09-22 12:32:31.458] [exthost] [info] ExtensionService#loadCommonJSModule /usr/share/code/resources/app/extensions/typescript-language-features/dist/extension
[2019-09-22 12:32:31.545] [exthost] [info] ExtensionService#_doActivateExtension Angular.ng-template {"startup":false,"activationEvent":"onLanguage:typescript"}
[2019-09-22 12:32:31.545] [exthost] [info] ExtensionService#loadCommonJSModule /home/altius/.vscode/extensions/angular.ng-template-0.802.3/client/extension
[2019-09-22 12:32:31.619] [exthost] [info] ExtensionService#_doActivateExtension christian-kohler.npm-intellisense {"startup":false,"activationEvent":"onLanguage:typescript"}
[2019-09-22 12:32:31.619] [exthost] [info] ExtensionService#loadCommonJSModule /home/altius/.vscode/extensions/christian-kohler.npm-intellisense-1.3.0/out/src/extension
[2019-09-22 12:32:31.928] [exthost] [info] ExtensionService#_doActivateExtension chrmarti.regex {"startup":false,"activationEvent":"onLanguage:typescript"}
[2019-09-22 12:32:31.928] [exthost] [info] ExtensionService#loadCommonJSModule /home/altius/.vscode/extensions/chrmarti.regex-0.2.0/out/src/extension
[2019-09-22 12:32:32.092] [exthost] [info] ExtensionService#_doActivateExtension danielehrhardt.ionic3-vs-ionView-snippets {"startup":false,"activationEvent":"onLanguage:typescript"}
[2019-09-22 12:32:32.092] [exthost] [info] ExtensionService#loadCommonJSModule /home/altius/.vscode/extensions/danielehrhardt.ionic3-vs-ionview-snippets-1.0.2/index.js
[2019-09-22 12:32:32.093] [exthost] [info] ExtensionService#_doActivateExtension ecmel.vscode-html-css {"startup":false,"activationEvent":"onLanguage:typescript"}
[2019-09-22 12:32:32.093] [exthost] [info] ExtensionService#loadCommonJSModule /home/altius/.vscode/extensions/ecmel.vscode-html-css-0.2.3/dist/extension
[2019-09-22 12:32:32.258] [exthost] [info] ExtensionService#_doActivateExtension eg2.tslint {"startup":false,"activationEvent":"onLanguage:typescript"}
[2019-09-22 12:32:32.258] [exthost] [info] ExtensionService#loadCommonJSModule /home/altius/.vscode/extensions/eg2.tslint-1.0.44/out/extension
[2019-09-22 12:32:33.220] [exthost] [info] ExtensionService#_doActivateExtension krizzdewizz.refactorix {"startup":false,"activationEvent":"onLanguage:typescript"}
[2019-09-22 12:32:33.220] [exthost] [info] ExtensionService#loadCommonJSModule /home/altius/.vscode/extensions/krizzdewizz.refactorix-0.3.6/out/src/extension
[2019-09-22 12:32:33.697] [exthost] [info] ExtensionService#_doActivateExtension leizongmin.node-module-intellisense {"startup":false,"activationEvent":"onLanguage:typescript"}
[2019-09-22 12:32:33.697] [exthost] [info] ExtensionService#loadCommonJSModule /home/altius/.vscode/extensions/leizongmin.node-module-intellisense-1.5.0/out/src/extension
[2019-09-22 12:32:33.701] [exthost] [info] ExtensionService#_doActivateExtension ms-vscode.vscode-typescript-tslint-plugin {"startup":false,"activationEvent":"onLanguage:typescript"}
[2019-09-22 12:32:33.701] [exthost] [info] ExtensionService#loadCommonJSModule /home/altius/.vscode/extensions/ms-vscode.vscode-typescript-tslint-plugin-1.2.2/out/index.js
[2019-09-22 12:32:33.878] [exthost] [info] ExtensionService#_doActivateExtension natewallace.angular2-inline {"startup":false,"activationEvent":"onLanguage:typescript"}
[2019-09-22 12:32:33.878] [exthost] [info] ExtensionService#loadCommonJSModule /home/altius/.vscode/extensions/natewallace.angular2-inline-0.0.17/src/main
[2019-09-22 12:32:33.934] [exthost] [info] ExtensionService#_doActivateExtension NG-42.ng-fortytwo-vscode-extension {"startup":false,"activationEvent":"onLanguage:typescript"}
[2019-09-22 12:32:33.935] [exthost] [info] ExtensionService#loadCommonJSModule /home/altius/.vscode/extensions/ng-42.ng-fortytwo-vscode-extension-0.0.9/out/src/ng42Main.js
[2019-09-22 12:32:41.113] [exthost] [info] ExtensionService#_doActivateExtension onixie.angular-component-extension {"startup":false,"activationEvent":"onLanguage:typescript"}
[2019-09-22 12:32:41.113] [exthost] [info] ExtensionService#loadCommonJSModule /home/altius/.vscode/extensions/onixie.angular-component-extension-0.0.14/out/src/extension
[2019-09-22 12:32:41.740] [exthost] [info] ExtensionService#_doActivateExtension rbbit.typescript-hero {"startup":false,"activationEvent":"onLanguage:typescript"}
[2019-09-22 12:32:41.740] [exthost] [info] ExtensionService#loadCommonJSModule /home/altius/.vscode/extensions/rbbit.typescript-hero-3.0.0/out/src/extension
[2019-09-22 12:32:44.338] [exthost] [info] ExtensionService#_doActivateExtension steoates.autoimport {"startup":false,"activationEvent":"onLanguage:typescript"}
[2019-09-22 12:32:44.338] [exthost] [info] ExtensionService#loadCommonJSModule /home/altius/.vscode/extensions/steoates.autoimport-1.5.3/out/src/extension
[2019-09-22 12:36:39.524] [exthost] [info] ExtensionService#_doActivateExtension vscode.html-language-features {"startup":false,"activationEvent":"onLanguage:html"}
[2019-09-22 12:36:39.524] [exthost] [info] ExtensionService#loadCommonJSModule /usr/share/code/resources/app/extensions/html-language-features/client/dist/htmlMain
[2019-09-22 13:31:46.922] [exthost] [info] ExtensionService#_doActivateExtension roerohan.mongo-snippets-for-node-js {"startup":false,"activationEvent":"onLanguage:javascript"}
[2019-09-22 13:31:46.922] [exthost] [info] ExtensionService#loadCommonJSModule /home/altius/.vscode/extensions/roerohan.mongo-snippets-for-node-js-1.0.23/src/extension.js
[2019-09-22 13:31:47.111] [exthost] [info] ExtensionService#_doActivateExtension vladmrnv.expresssnippet {"startup":false,"activationEvent":"onLanguage:javascript"}
[2019-09-22 13:31:47.111] [exthost] [info] ExtensionService#loadCommonJSModule /home/altius/.vscode/extensions/vladmrnv.expresssnippet-0.2.4/out/src/extension
[2019-09-22 15:34:52.937] [exthost] [info] ExtensionService#_doActivateExtension ms-vscode.node-debug2 {"startup":false,"activationEvent":"onDebugInitialConfigurations"}
[2019-09-22 15:34:52.937] [exthost] [info] ExtensionService#loadCommonJSModule /usr/share/code/resources/app/extensions/ms-vscode.node-debug2/out/src/extension
[2019-09-22 15:34:52.975] [exthost] [info] ExtensionService#_doActivateExtension msjsdiag.debugger-for-chrome {"startup":false,"activationEvent":"onDebugInitialConfigurations"}
[2019-09-22 15:34:52.975] [exthost] [info] ExtensionService#loadCommonJSModule /home/altius/.vscode/extensions/msjsdiag.debugger-for-chrome-4.11.7/out/src/extension
[2019-09-22 15:34:53.850] [exthost] [info] ExtensionService#_doActivateExtension ms-vscode.node-debug {"startup":false,"activationEvent":"onDebugInitialConfigurations"}
[2019-09-22 15:34:53.850] [exthost] [info] ExtensionService#loadCommonJSModule /usr/share/code/resources/app/extensions/ms-vscode.node-debug/dist/extension.js
[2019-09-22 17:13:32.924] [exthost] [info] ExtensionService#_doActivateExtension vscode.markdown-language-features {"startup":false,"activationEvent":"onLanguage:markdown"}
[2019-09-22 17:13:32.924] [exthost] [info] ExtensionService#loadCommonJSModule /usr/share/code/resources/app/extensions/markdown-language-features/dist/extension
