[2019-09-27 22:29:34.726] [exthost] [info] extension host started
[2019-09-27 22:29:35.499] [exthost] [info] ExtensionService#_doActivateExtension vscode.css-language-features {"startup":false,"activationEvent":"onLanguage:css"}
[2019-09-27 22:29:35.499] [exthost] [info] ExtensionService#loadCommonJSModule /usr/share/code/resources/app/extensions/css-language-features/client/dist/cssMain
[2019-09-27 22:29:35.717] [exthost] [info] ExtensionService#_doActivateExtension vscode.emmet {"startup":false,"activationEvent":"onLanguage:css"}
[2019-09-27 22:29:35.717] [exthost] [info] ExtensionService#loadCommonJSModule /usr/share/code/resources/app/extensions/emmet/dist/extension
[2019-09-27 22:29:35.829] [exthost] [info] ExtensionService#_doActivateExtension lonefy.vscode-JS-CSS-HTML-formatter {"startup":false,"activationEvent":"onLanguage:css"}
[2019-09-27 22:29:35.829] [exthost] [info] ExtensionService#loadCommonJSModule /home/altius/.vscode/extensions/lonefy.vscode-js-css-html-formatter-0.2.3/out/src/extension
[2019-09-27 22:29:36.056] [exthost] [info] ExtensionService#_doActivateExtension vscode.debug-auto-launch {"startup":true,"activationEvent":"*"}
[2019-09-27 22:29:36.056] [exthost] [info] ExtensionService#loadCommonJSModule /usr/share/code/resources/app/extensions/debug-auto-launch/dist/extension
[2019-09-27 22:29:36.119] [exthost] [info] ExtensionService#_doActivateExtension vscode.git {"startup":true,"activationEvent":"*"}
[2019-09-27 22:29:36.120] [exthost] [info] ExtensionService#loadCommonJSModule /usr/share/code/resources/app/extensions/git/dist/main
[2019-09-27 22:29:36.370] [exthost] [info] ExtensionService#_doActivateExtension vscode.merge-conflict {"startup":true,"activationEvent":"*"}
[2019-09-27 22:29:36.370] [exthost] [info] ExtensionService#loadCommonJSModule /usr/share/code/resources/app/extensions/merge-conflict/dist/extension
[2019-09-27 22:29:36.433] [exthost] [info] ExtensionService#_doActivateExtension alexiv.vscode-angular2-files {"startup":true,"activationEvent":"*"}
[2019-09-27 22:29:36.433] [exthost] [info] ExtensionService#loadCommonJSModule /home/altius/.vscode/extensions/alexiv.vscode-angular2-files-1.6.2/out/src/extension
[2019-09-27 22:29:36.789] [exthost] [info] ExtensionService#_doActivateExtension christian-kohler.path-intellisense {"startup":true,"activationEvent":"*"}
[2019-09-27 22:29:36.789] [exthost] [info] ExtensionService#loadCommonJSModule /home/altius/.vscode/extensions/christian-kohler.path-intellisense-1.4.2/out/src/extension
[2019-09-27 22:29:37.372] [exthost] [info] ExtensionService#_doActivateExtension eamodio.gitlens {"startup":true,"activationEvent":"*"}
[2019-09-27 22:29:37.372] [exthost] [info] ExtensionService#loadCommonJSModule /home/altius/.vscode/extensions/eamodio.gitlens-9.9.1/dist/extension
[2019-09-27 22:29:37.727] [exthost] [info] ExtensionService#_doActivateExtension EditorConfig.EditorConfig {"startup":true,"activationEvent":"*"}
[2019-09-27 22:29:37.727] [exthost] [info] ExtensionService#loadCommonJSModule /home/altius/.vscode/extensions/editorconfig.editorconfig-0.13.0/out/src/editorConfigMain
[2019-09-27 22:29:40.061] [exthost] [info] ExtensionService#_doActivateExtension esbenp.prettier-vscode {"startup":true,"activationEvent":"*"}
[2019-09-27 22:29:40.061] [exthost] [info] ExtensionService#loadCommonJSModule /home/altius/.vscode/extensions/esbenp.prettier-vscode-2.3.0/out/extension
[2019-09-27 22:29:42.675] [exthost] [info] ExtensionService#_doActivateExtension formulahendry.auto-close-tag {"startup":true,"activationEvent":"*"}
[2019-09-27 22:29:42.675] [exthost] [info] ExtensionService#loadCommonJSModule /home/altius/.vscode/extensions/formulahendry.auto-close-tag-0.5.6/out/src/extension
[2019-09-27 22:29:42.708] [exthost] [info] ExtensionService#_doActivateExtension formulahendry.auto-rename-tag {"startup":true,"activationEvent":"*"}
[2019-09-27 22:29:42.708] [exthost] [info] ExtensionService#loadCommonJSModule /home/altius/.vscode/extensions/formulahendry.auto-rename-tag-0.1.0/out/src/extension
[2019-09-27 22:29:42.750] [exthost] [info] ExtensionService#_doActivateExtension infinity1207.angular2-switcher {"startup":true,"activationEvent":"*"}
[2019-09-27 22:29:42.751] [exthost] [info] ExtensionService#loadCommonJSModule /home/altius/.vscode/extensions/infinity1207.angular2-switcher-0.2.0/out/src/extension
[2019-09-27 22:29:42.892] [exthost] [info] ExtensionService#_doActivateExtension jakethashi.vscode-angular2-emmet {"startup":true,"activationEvent":"*"}
[2019-09-27 22:29:42.892] [exthost] [info] ExtensionService#loadCommonJSModule /home/altius/.vscode/extensions/jakethashi.vscode-angular2-emmet-2.0.3/out/src/extension
[2019-09-27 22:29:43.568] [exthost] [info] ExtensionService#_doActivateExtension joelday.docthis {"startup":true,"activationEvent":"*"}
[2019-09-27 22:29:43.568] [exthost] [info] ExtensionService#loadCommonJSModule /home/altius/.vscode/extensions/joelday.docthis-0.7.1/out/src/extension
[2019-09-27 22:29:44.879] [exthost] [info] ExtensionService#_doActivateExtension johnpapa.vscode-peacock {"startup":true,"activationEvent":"*"}
[2019-09-27 22:29:44.879] [exthost] [info] ExtensionService#loadCommonJSModule /home/altius/.vscode/extensions/johnpapa.vscode-peacock-2.4.0/dist/extension
[2019-09-27 22:29:45.023] [exthost] [info] ExtensionService#_doActivateExtension kisstkondoros.vscode-codemetrics {"startup":true,"activationEvent":"*"}
[2019-09-27 22:29:45.023] [exthost] [info] ExtensionService#loadCommonJSModule /home/altius/.vscode/extensions/kisstkondoros.vscode-codemetrics-1.19.1/out/src/extension
[2019-09-27 22:29:46.897] [exthost] [info] ExtensionService#_doActivateExtension michelemelluso.gitignore {"startup":true,"activationEvent":"*"}
[2019-09-27 22:29:46.897] [exthost] [info] ExtensionService#loadCommonJSModule /home/altius/.vscode/extensions/michelemelluso.gitignore-1.0.1/out/src/extension
[2019-09-27 22:29:46.933] [exthost] [info] ExtensionService#_doActivateExtension nrwl.angular-console {"startup":true,"activationEvent":"*"}
[2019-09-27 22:29:46.933] [exthost] [info] ExtensionService#loadCommonJSModule /home/altius/.vscode/extensions/nrwl.angular-console-8.1.2/main.js
[2019-09-27 22:29:49.422] [exthost] [info] ExtensionService#_doActivateExtension PKief.material-icon-theme {"startup":true,"activationEvent":"*"}
[2019-09-27 22:29:49.423] [exthost] [info] ExtensionService#loadCommonJSModule /home/altius/.vscode/extensions/pkief.material-icon-theme-3.9.0/dist/extension
[2019-09-27 22:29:49.544] [exthost] [info] ExtensionService#_doActivateExtension shardulm94.trailing-spaces {"startup":true,"activationEvent":"*"}
[2019-09-27 22:29:49.544] [exthost] [info] ExtensionService#loadCommonJSModule /home/altius/.vscode/extensions/shardulm94.trailing-spaces-0.3.1/out/src/extension
[2019-09-27 22:29:49.684] [exthost] [info] ExtensionService#_doActivateExtension streetsidesoftware.code-spell-checker {"startup":true,"activationEvent":"*"}
[2019-09-27 22:29:49.684] [exthost] [info] ExtensionService#loadCommonJSModule /home/altius/.vscode/extensions/streetsidesoftware.code-spell-checker-1.7.17/dist/extension
[2019-09-27 22:29:49.827] [exthost] [info] ExtensionService#_doActivateExtension wayou.vscode-todo-highlight {"startup":true,"activationEvent":"*"}
[2019-09-27 22:29:49.827] [exthost] [info] ExtensionService#loadCommonJSModule /home/altius/.vscode/extensions/wayou.vscode-todo-highlight-1.0.4/src/extension
[2019-09-27 22:29:49.866] [exthost] [info] ExtensionService#_doActivateExtension Zignd.html-css-class-completion {"startup":true,"activationEvent":"*"}
[2019-09-27 22:29:49.866] [exthost] [info] ExtensionService#loadCommonJSModule /home/altius/.vscode/extensions/zignd.html-css-class-completion-1.19.0/out/src/extension
[2019-09-27 22:29:51.599] [exthost] [info] ExtensionService#_doActivateExtension AngularDoc.angulardoc-vscode {"startup":true,"activationEvent":"workspaceContains:package.json"}
[2019-09-27 22:29:51.599] [exthost] [info] ExtensionService#loadCommonJSModule /home/altius/.vscode/extensions/angulardoc.angulardoc-vscode-6.1.3/build/main
[2019-09-27 22:29:54.729] [exthost] [info] ExtensionService#_doActivateExtension cyrilletuzi.angular-schematics {"startup":true,"activationEvent":"workspaceContains:angular.json"}
[2019-09-27 22:29:54.729] [exthost] [info] ExtensionService#loadCommonJSModule /home/altius/.vscode/extensions/cyrilletuzi.angular-schematics-1.27.0/out/extension
[2019-09-27 22:30:11.190] [exthost] [info] eager extensions activated
[2019-09-27 22:31:23.284] [exthost] [info] ExtensionService#_doActivateExtension vscode.html-language-features {"startup":false,"activationEvent":"onLanguage:html"}
[2019-09-27 22:31:23.284] [exthost] [info] ExtensionService#loadCommonJSModule /usr/share/code/resources/app/extensions/html-language-features/client/dist/htmlMain
[2019-09-27 22:31:23.440] [exthost] [info] ExtensionService#_doActivateExtension Angular.ng-template {"startup":false,"activationEvent":"onLanguage:html"}
[2019-09-27 22:31:23.440] [exthost] [info] ExtensionService#loadCommonJSModule /home/altius/.vscode/extensions/angular.ng-template-0.802.3/client/extension
[2019-09-27 22:31:23.981] [exthost] [info] ExtensionService#_doActivateExtension ecmel.vscode-html-css {"startup":false,"activationEvent":"onLanguage:html"}
[2019-09-27 22:31:23.981] [exthost] [info] ExtensionService#loadCommonJSModule /home/altius/.vscode/extensions/ecmel.vscode-html-css-0.2.3/dist/extension
[2019-09-27 22:31:24.302] [exthost] [info] ExtensionService#_doActivateExtension leizongmin.node-module-intellisense {"startup":false,"activationEvent":"onLanguage:html"}
[2019-09-27 22:31:24.302] [exthost] [info] ExtensionService#loadCommonJSModule /home/altius/.vscode/extensions/leizongmin.node-module-intellisense-1.5.0/out/src/extension
[2019-09-27 22:31:24.374] [exthost] [info] ExtensionService#_doActivateExtension onixie.angular-component-extension {"startup":false,"activationEvent":"onLanguage:html"}
[2019-09-27 22:31:24.374] [exthost] [info] ExtensionService#loadCommonJSModule /home/altius/.vscode/extensions/onixie.angular-component-extension-0.0.14/out/src/extension
